"C:/Users/dan/Documents/Unreal Projects/topdown/topdown.uproject" 1
"../../../Engine/Plugins/2D/Paper2D/Paper2D.uplugin" 2
"../../../Engine/Plugins/Developer/BlankPlugin/BlankPlugin.uplugin" 3
"../../../Engine/Plugins/Developer/PerforceSourceControl/PerforceSourceControl.uplugin" 4
"../../../Engine/Plugins/Developer/SubversionSourceControl/SubversionSourceControl.uplugin" 5
"../../../Engine/Plugins/Developer/UObjectPlugin/UObjectPlugin.uplugin" 6
"../../../Engine/Plugins/Developer/VisualStudioSourceCodeAccess/VisualStudioSourceCodeAccess.uplugin" 7
"../../../Engine/Plugins/Developer/XCodeSourceCodeAccess/XCodeSourceCodeAccess.uplugin" 8
"../../../Engine/Plugins/Editor/EpicSurvey/EpicSurvey.uplugin" 9
"../../../Engine/Plugins/Editor/MacGraphicsSwitching/MacGraphicsSwitching.uplugin" 10
"../../../Engine/Plugins/Editor/PluginsEditor/PluginsEditor.uplugin" 11
"../../../Engine/Plugins/Editor/SpeedTreeImporter/SpeedTreeImporter.uplugin" 12
"../../../Engine/Plugins/Experimental/BlueprintStats/BlueprintStats.uplugin" 13
"../../../Engine/Plugins/Experimental/CharacterAI/CharacterAI.uplugin" 14
"../../../Engine/Plugins/Experimental/CodeView/CodeView.uplugin" 15
"../../../Engine/Plugins/Experimental/LiveEditor/LiveEditor.uplugin" 16
"../../../Engine/Plugins/Experimental/Phya/Phya.uplugin" 17
"../../../Engine/Plugins/Experimental/SteamVR/SteamVR.uplugin" 18
"../../../Engine/Plugins/Media/AvfMedia/AvfMedia.uplugin" 19
"../../../Engine/Plugins/Media/MediaPlayerEditor/MediaPlayerEditor.uplugin" 20
"../../../Engine/Plugins/Media/WmfMedia/WmfMedia.uplugin" 21
"../../../Engine/Plugins/Messaging/MessagingDebugger/MessagingDebugger.uplugin" 22
"../../../Engine/Plugins/Messaging/UdpMessaging/UdpMessaging.uplugin" 23
"../../../Engine/Plugins/Runtime/Advertising/IOSTapJoy/IOSTapJoy.uplugin" 24
"../../../Engine/Plugins/Runtime/Analytics/AnalyticsBlueprintLibrary/AnalyticsBlueprintLibrary.uplugin" 25
"../../../Engine/Plugins/Runtime/Analytics/Apsalar/IOSApsalar/IOSApsalar.uplugin" 26
"../../../Engine/Plugins/Runtime/Analytics/FileLogging/FileLogging.uplugin" 27
"../../../Engine/Plugins/Runtime/AndroidDeviceProfileSelector/AndroidDeviceProfileSelector.uplugin" 28
"../../../Engine/Plugins/Runtime/AppleMoviePlayer/AppleMoviePlayer.uplugin" 29
"../../../Engine/Plugins/Runtime/CableComponent/CableComponent.uplugin" 30
"../../../Engine/Plugins/Runtime/CustomMeshComponent/CustomMeshComponent.uplugin" 31
"../../../Engine/Plugins/Runtime/ExampleDeviceProfileSelector/ExampleDeviceProfileSelector.uplugin" 32
"../../../Engine/Plugins/Runtime/IOSDeviceProfileSelector/IOSDeviceProfileSelector.uplugin" 33
"../../../Engine/Plugins/Runtime/LiveEditorListenServer/LiveEditorListenServer.uplugin" 34
"../../../Engine/Plugins/Runtime/OculusRift/OculusRift.uplugin" 35
"../../../Engine/Plugins/Runtime/SoundMod/SoundMod.uplugin" 36
"../../../Engine/Plugins/Runtime/SoundVisualizations/SoundVisualizations.uplugin" 37
"../../../Engine/Plugins/Runtime/TwitchLiveStreaming/TwitchLiveStreaming.uplugin" 38
"../../../Engine/Plugins/Runtime/WindowsDeviceProfileSelector/WindowsDeviceProfileSelector.uplugin" 39
"../../../Engine/Plugins/Runtime/WindowsMoviePlayer/WindowsMoviePlayer.uplugin" 40
"../../../Engine/Plugins/ScriptGeneratorPlugin/ScriptGeneratorPlugin.uplugin" 41
"../../../Engine/Plugins/ScriptPlugin/ScriptPlugin.uplugin" 42
"../../../Engine/Plugins/Slate/SlateRemote/SlateRemote.uplugin" 43
"../../../../../../Users/dan/Documents/Unreal Projects/topdown/Plugins/GitSourceControl/GitSourceControl.uplugin" 44
"..\..\..\Engine\Content\Localization\ICU\icudt53l\cnvalias.icu" 45
"..\..\..\Engine\Content\Localization\ICU\icudt53l\res_index.res" 46
"..\..\..\Engine\Content\Localization\ICU\icudt53l\coll\ucadata.icu" 47
"..\..\..\Engine\Content\Localization\ICU\icudt53l\nfc.nrm" 48
"..\..\..\Engine\Content\Localization\ICU\icudt53l\coll\de.res" 49
"..\..\..\Engine\Content\Localization\ICU\icudt53l\coll\root.res" 50
"..\..\..\Engine\Content\Localization\ICU\icudt53l\de.res" 51
"..\..\..\Engine\Content\Localization\ICU\icudt53l\pool.res" 52
"..\..\..\Engine\Content\Localization\ICU\icudt53l\root.res" 53
"..\..\..\Engine\Content\Localization\ICU\icudt53l\numberingSystems.res" 54
"..\..\..\Engine\Content\Localization\ICU\icudt53l\curr\supplementalData.res" 55
"..\..\..\Engine\Content\Localization\ICU\icudt53l\curr\pool.res" 56
"..\..\..\Engine\Content\Localization\ICU\icudt53l\curr\de.res" 57
"..\..\..\Engine\Content\Localization\ICU\icudt53l\curr\root.res" 58
"..\..\..\Engine\Content\Localization\ICU\icudt53l\en_GB.res" 59
"..\..\..\Engine\Content\Localization\ICU\icudt53l\en_001.res" 60
"..\..\..\Engine\Content\Localization\ICU\icudt53l\en.res" 61
"..\..\..\Engine\Content\Localization\ICU\icudt53l\plurals.res" 62
"..\..\..\Engine\Content\Localization\ICU\icudt53l\windowsZones.res" 63
"..\..\..\Engine\Content\Localization\ICU\icudt53l\zoneinfo64.res" 64
"..\..\..\Engine\Content\Localization\ICU\icudt53l\keyTypeData.res" 65
"..\..\..\Engine\Content\Localization\ICU\icudt53l\timezoneTypes.res" 66
"..\..\..\Engine\Content\Localization\ICU\icudt53l\likelySubtags.res" 67
"..\..\..\Engine\Content\Localization\ICU\icudt53l\supplementalData.res" 68
"..\..\..\Engine\Content\Localization\ICU\icudt53l\de_DE.res" 69
"..\..\..\Engine\Content\Localization\ICU\icudt53l\de_AT.res" 70
"..\..\..\Engine\Content\Localization\ICU\icudt53l\de_BE.res" 71
"..\..\..\Engine\Content\Localization\ICU\icudt53l\de_CH.res" 72
"..\..\..\Engine\Content\Localization\ICU\icudt53l\curr\de_CH.res" 73
"..\..\..\Engine\Content\Localization\ICU\icudt53l\de_LI.res" 74
"..\..\..\Engine\Content\Localization\ICU\icudt53l\de_LU.res" 75
"..\..\..\Engine\Content\Localization\ICU\icudt53l\curr\de_LU.res" 76
"..\..\..\Engine\Content\Localization\ICU\icudt53l\coll\en.res" 77
"..\..\..\Engine\Content\Localization\ICU\icudt53l\curr\en.res" 78
"..\..\..\Engine\Content\Localization\ICU\icudt53l\en_US.res" 79
"..\..\..\Engine\Content\Localization\ICU\icudt53l\curr\en_001.res" 80
"..\..\..\Engine\Content\Localization\ICU\icudt53l\en_150.res" 81
"..\..\..\Engine\Content\Localization\ICU\icudt53l\curr\en_150.res" 82
"..\..\..\Engine\Content\Localization\ICU\icudt53l\curr\en_GB.res" 83
"..\..\..\Engine\Content\Localization\ICU\icudt53l\en_AG.res" 84
"..\..\..\Engine\Content\Localization\ICU\icudt53l\curr\en_AG.res" 85
"..\..\..\Engine\Content\Localization\ICU\icudt53l\en_AI.res" 86
"..\..\..\Engine\Content\Localization\ICU\icudt53l\curr\en_AI.res" 87
"..\..\..\Engine\Content\Localization\ICU\icudt53l\en_AS.res" 88
"..\..\..\Engine\Content\Localization\ICU\icudt53l\en_AU.res" 89
"..\..\..\Engine\Content\Localization\ICU\icudt53l\curr\en_AU.res" 90
"..\..\..\Engine\Content\Localization\ICU\icudt53l\en_BB.res" 91
"..\..\..\Engine\Content\Localization\ICU\icudt53l\curr\en_BB.res" 92
"..\..\..\Engine\Content\Localization\ICU\icudt53l\en_BE.res" 93
"..\..\..\Engine\Content\Localization\ICU\icudt53l\curr\en_BE.res" 94
"..\..\..\Engine\Content\Localization\ICU\icudt53l\en_BM.res" 95
"..\..\..\Engine\Content\Localization\ICU\icudt53l\curr\en_BM.res" 96
"..\..\..\Engine\Content\Localization\ICU\icudt53l\en_BS.res" 97
"..\..\..\Engine\Content\Localization\ICU\icudt53l\curr\en_BS.res" 98
"..\..\..\Engine\Content\Localization\ICU\icudt53l\en_BW.res" 99
"..\..\..\Engine\Content\Localization\ICU\icudt53l\curr\en_BW.res" 100
"..\..\..\Engine\Content\Localization\ICU\icudt53l\en_BZ.res" 101
"..\..\..\Engine\Content\Localization\ICU\icudt53l\curr\en_BZ.res" 102
"..\..\..\Engine\Content\Localization\ICU\icudt53l\en_CA.res" 103
"..\..\..\Engine\Content\Localization\ICU\icudt53l\curr\en_CA.res" 104
"..\..\..\Engine\Content\Localization\ICU\icudt53l\en_CC.res" 105
"..\..\..\Engine\Content\Localization\ICU\icudt53l\curr\en_CC.res" 106
"..\..\..\Engine\Content\Localization\ICU\icudt53l\en_CK.res" 107
"..\..\..\Engine\Content\Localization\ICU\icudt53l\curr\en_CK.res" 108
"..\..\..\Engine\Content\Localization\ICU\icudt53l\en_CM.res" 109
"..\..\..\Engine\Content\Localization\ICU\icudt53l\curr\en_CM.res" 110
"..\..\..\Engine\Content\Localization\ICU\icudt53l\en_CX.res" 111
"..\..\..\Engine\Content\Localization\ICU\icudt53l\curr\en_CX.res" 112
"..\..\..\Engine\Content\Localization\ICU\icudt53l\en_DG.res" 113
"..\..\..\Engine\Content\Localization\ICU\icudt53l\curr\en_DG.res" 114
"..\..\..\Engine\Content\Localization\ICU\icudt53l\en_DM.res" 115
"..\..\..\Engine\Content\Localization\ICU\icudt53l\curr\en_DM.res" 116
"..\..\..\Engine\Content\Localization\ICU\icudt53l\en_ER.res" 117
"..\..\..\Engine\Content\Localization\ICU\icudt53l\curr\en_ER.res" 118
"..\..\..\Engine\Content\Localization\ICU\icudt53l\en_FJ.res" 119
"..\..\..\Engine\Content\Localization\ICU\icudt53l\curr\en_FJ.res" 120
"..\..\..\Engine\Content\Localization\ICU\icudt53l\en_FK.res" 121
"..\..\..\Engine\Content\Localization\ICU\icudt53l\curr\en_FK.res" 122
"..\..\..\Engine\Content\Localization\ICU\icudt53l\en_FM.res" 123
"..\..\..\Engine\Content\Localization\ICU\icudt53l\curr\en_FM.res" 124
"..\..\..\Engine\Content\Localization\ICU\icudt53l\en_GD.res" 125
"..\..\..\Engine\Content\Localization\ICU\icudt53l\curr\en_GD.res" 126
"..\..\..\Engine\Content\Localization\ICU\icudt53l\en_GG.res" 127
"..\..\..\Engine\Content\Localization\ICU\icudt53l\curr\en_GG.res" 128
"..\..\..\Engine\Content\Localization\ICU\icudt53l\en_GH.res" 129
"..\..\..\Engine\Content\Localization\ICU\icudt53l\curr\en_GH.res" 130
"..\..\..\Engine\Content\Localization\ICU\icudt53l\en_GI.res" 131
"..\..\..\Engine\Content\Localization\ICU\icudt53l\curr\en_GI.res" 132
"..\..\..\Engine\Content\Localization\ICU\icudt53l\en_GM.res" 133
"..\..\..\Engine\Content\Localization\ICU\icudt53l\curr\en_GM.res" 134
"..\..\..\Engine\Content\Localization\ICU\icudt53l\en_GU.res" 135
"..\..\..\Engine\Content\Localization\ICU\icudt53l\en_GY.res" 136
"..\..\..\Engine\Content\Localization\ICU\icudt53l\curr\en_GY.res" 137
"..\..\..\Engine\Content\Localization\ICU\icudt53l\en_HK.res" 138
"..\..\..\Engine\Content\Localization\ICU\icudt53l\curr\en_HK.res" 139
"..\..\..\Engine\Content\Localization\ICU\icudt53l\en_IE.res" 140
"..\..\..\Engine\Content\Localization\ICU\icudt53l\curr\en_IE.res" 141
"..\..\..\Engine\Content\Localization\ICU\icudt53l\en_IM.res" 142
"..\..\..\Engine\Content\Localization\ICU\icudt53l\curr\en_IM.res" 143
"..\..\..\Engine\Content\Localization\ICU\icudt53l\en_IN.res" 144
"..\..\..\Engine\Content\Localization\ICU\icudt53l\curr\en_IN.res" 145
"..\..\..\Engine\Content\Localization\ICU\icudt53l\en_IO.res" 146
"..\..\..\Engine\Content\Localization\ICU\icudt53l\curr\en_IO.res" 147
"..\..\..\Engine\Content\Localization\ICU\icudt53l\en_JE.res" 148
"..\..\..\Engine\Content\Localization\ICU\icudt53l\curr\en_JE.res" 149
"..\..\..\Engine\Content\Localization\ICU\icudt53l\en_JM.res" 150
"..\..\..\Engine\Content\Localization\ICU\icudt53l\curr\en_JM.res" 151
"..\..\..\Engine\Content\Localization\ICU\icudt53l\en_KE.res" 152
"..\..\..\Engine\Content\Localization\ICU\icudt53l\curr\en_KE.res" 153
"..\..\..\Engine\Content\Localization\ICU\icudt53l\en_KI.res" 154
"..\..\..\Engine\Content\Localization\ICU\icudt53l\curr\en_KI.res" 155
"..\..\..\Engine\Content\Localization\ICU\icudt53l\en_KN.res" 156
"..\..\..\Engine\Content\Localization\ICU\icudt53l\curr\en_KN.res" 157
"..\..\..\Engine\Content\Localization\ICU\icudt53l\en_KY.res" 158
"..\..\..\Engine\Content\Localization\ICU\icudt53l\curr\en_KY.res" 159
"..\..\..\Engine\Content\Localization\ICU\icudt53l\en_LC.res" 160
"..\..\..\Engine\Content\Localization\ICU\icudt53l\curr\en_LC.res" 161
"..\..\..\Engine\Content\Localization\ICU\icudt53l\en_LR.res" 162
"..\..\..\Engine\Content\Localization\ICU\icudt53l\curr\en_LR.res" 163
"..\..\..\Engine\Content\Localization\ICU\icudt53l\en_LS.res" 164
"..\..\..\Engine\Content\Localization\ICU\icudt53l\curr\en_LS.res" 165
"..\..\..\Engine\Content\Localization\ICU\icudt53l\en_MG.res" 166
"..\..\..\Engine\Content\Localization\ICU\icudt53l\curr\en_MG.res" 167
"..\..\..\Engine\Content\Localization\ICU\icudt53l\en_MH.res" 168
"..\..\..\Engine\Content\Localization\ICU\icudt53l\en_MO.res" 169
"..\..\..\Engine\Content\Localization\ICU\icudt53l\curr\en_MO.res" 170
"..\..\..\Engine\Content\Localization\ICU\icudt53l\en_MP.res" 171
"..\..\..\Engine\Content\Localization\ICU\icudt53l\en_MS.res" 172
"..\..\..\Engine\Content\Localization\ICU\icudt53l\curr\en_MS.res" 173
"..\..\..\Engine\Content\Localization\ICU\icudt53l\en_MT.res" 174
"..\..\..\Engine\Content\Localization\ICU\icudt53l\curr\en_MT.res" 175
"..\..\..\Engine\Content\Localization\ICU\icudt53l\en_MU.res" 176
"..\..\..\Engine\Content\Localization\ICU\icudt53l\curr\en_MU.res" 177
"..\..\..\Engine\Content\Localization\ICU\icudt53l\en_MW.res" 178
"..\..\..\Engine\Content\Localization\ICU\icudt53l\curr\en_MW.res" 179
"..\..\..\Engine\Content\Localization\ICU\icudt53l\en_NA.res" 180
"..\..\..\Engine\Content\Localization\ICU\icudt53l\curr\en_NA.res" 181
"..\..\..\Engine\Content\Localization\ICU\icudt53l\en_NF.res" 182
"..\..\..\Engine\Content\Localization\ICU\icudt53l\curr\en_NF.res" 183
"..\..\..\Engine\Content\Localization\ICU\icudt53l\en_NG.res" 184
"..\..\..\Engine\Content\Localization\ICU\icudt53l\curr\en_NG.res" 185
"..\..\..\Engine\Content\Localization\ICU\icudt53l\en_NR.res" 186
"..\..\..\Engine\Content\Localization\ICU\icudt53l\curr\en_NR.res" 187
"..\..\..\Engine\Content\Localization\ICU\icudt53l\en_NU.res" 188
"..\..\..\Engine\Content\Localization\ICU\icudt53l\curr\en_NU.res" 189
"..\..\..\Engine\Content\Localization\ICU\icudt53l\en_NZ.res" 190
"..\..\..\Engine\Content\Localization\ICU\icudt53l\curr\en_NZ.res" 191
"..\..\..\Engine\Content\Localization\ICU\icudt53l\en_PG.res" 192
"..\..\..\Engine\Content\Localization\ICU\icudt53l\curr\en_PG.res" 193
"..\..\..\Engine\Content\Localization\ICU\icudt53l\en_PH.res" 194
"..\..\..\Engine\Content\Localization\ICU\icudt53l\curr\en_PH.res" 195
"..\..\..\Engine\Content\Localization\ICU\icudt53l\en_PK.res" 196
"..\..\..\Engine\Content\Localization\ICU\icudt53l\curr\en_PK.res" 197
"..\..\..\Engine\Content\Localization\ICU\icudt53l\en_PN.res" 198
"..\..\..\Engine\Content\Localization\ICU\icudt53l\curr\en_PN.res" 199
"..\..\..\Engine\Content\Localization\ICU\icudt53l\en_PR.res" 200
"..\..\..\Engine\Content\Localization\ICU\icudt53l\en_PW.res" 201
"..\..\..\Engine\Content\Localization\ICU\icudt53l\curr\en_PW.res" 202
"..\..\..\Engine\Content\Localization\ICU\icudt53l\en_RW.res" 203
"..\..\..\Engine\Content\Localization\ICU\icudt53l\curr\en_RW.res" 204
"..\..\..\Engine\Content\Localization\ICU\icudt53l\en_SB.res" 205
"..\..\..\Engine\Content\Localization\ICU\icudt53l\curr\en_SB.res" 206
"..\..\..\Engine\Content\Localization\ICU\icudt53l\en_SC.res" 207
"..\..\..\Engine\Content\Localization\ICU\icudt53l\curr\en_SC.res" 208
"..\..\..\Engine\Content\Localization\ICU\icudt53l\en_SD.res" 209
"..\..\..\Engine\Content\Localization\ICU\icudt53l\curr\en_SD.res" 210
"..\..\..\Engine\Content\Localization\ICU\icudt53l\en_SG.res" 211
"..\..\..\Engine\Content\Localization\ICU\icudt53l\curr\en_SG.res" 212
"..\..\..\Engine\Content\Localization\ICU\icudt53l\en_SH.res" 213
"..\..\..\Engine\Content\Localization\ICU\icudt53l\curr\en_SH.res" 214
"..\..\..\Engine\Content\Localization\ICU\icudt53l\en_SL.res" 215
"..\..\..\Engine\Content\Localization\ICU\icudt53l\curr\en_SL.res" 216
"..\..\..\Engine\Content\Localization\ICU\icudt53l\en_SS.res" 217
"..\..\..\Engine\Content\Localization\ICU\icudt53l\curr\en_SS.res" 218
"..\..\..\Engine\Content\Localization\ICU\icudt53l\en_SX.res" 219
"..\..\..\Engine\Content\Localization\ICU\icudt53l\curr\en_SX.res" 220
"..\..\..\Engine\Content\Localization\ICU\icudt53l\en_SZ.res" 221
"..\..\..\Engine\Content\Localization\ICU\icudt53l\curr\en_SZ.res" 222
"..\..\..\Engine\Content\Localization\ICU\icudt53l\en_TC.res" 223
"..\..\..\Engine\Content\Localization\ICU\icudt53l\curr\en_TC.res" 224
"..\..\..\Engine\Content\Localization\ICU\icudt53l\en_TK.res" 225
"..\..\..\Engine\Content\Localization\ICU\icudt53l\curr\en_TK.res" 226
"..\..\..\Engine\Content\Localization\ICU\icudt53l\en_TO.res" 227
"..\..\..\Engine\Content\Localization\ICU\icudt53l\curr\en_TO.res" 228
"..\..\..\Engine\Content\Localization\ICU\icudt53l\en_TT.res" 229
"..\..\..\Engine\Content\Localization\ICU\icudt53l\curr\en_TT.res" 230
"..\..\..\Engine\Content\Localization\ICU\icudt53l\en_TV.res" 231
"..\..\..\Engine\Content\Localization\ICU\icudt53l\curr\en_TV.res" 232
"..\..\..\Engine\Content\Localization\ICU\icudt53l\en_TZ.res" 233
"..\..\..\Engine\Content\Localization\ICU\icudt53l\curr\en_TZ.res" 234
"..\..\..\Engine\Content\Localization\ICU\icudt53l\en_UG.res" 235
"..\..\..\Engine\Content\Localization\ICU\icudt53l\curr\en_UG.res" 236
"..\..\..\Engine\Content\Localization\ICU\icudt53l\en_UM.res" 237
"..\..\..\Engine\Content\Localization\ICU\icudt53l\coll\en_US.res" 238
"..\..\..\Engine\Content\Localization\ICU\icudt53l\coll\en_US_POSIX.res" 239
"..\..\..\Engine\Content\Localization\ICU\icudt53l\en_US_POSIX.res" 240
"..\..\..\Engine\Content\Localization\ICU\icudt53l\en_VC.res" 241
"..\..\..\Engine\Content\Localization\ICU\icudt53l\curr\en_VC.res" 242
"..\..\..\Engine\Content\Localization\ICU\icudt53l\en_VG.res" 243
"..\..\..\Engine\Content\Localization\ICU\icudt53l\curr\en_VG.res" 244
"..\..\..\Engine\Content\Localization\ICU\icudt53l\en_VI.res" 245
"..\..\..\Engine\Content\Localization\ICU\icudt53l\en_VU.res" 246
"..\..\..\Engine\Content\Localization\ICU\icudt53l\curr\en_VU.res" 247
"..\..\..\Engine\Content\Localization\ICU\icudt53l\en_WS.res" 248
"..\..\..\Engine\Content\Localization\ICU\icudt53l\curr\en_WS.res" 249
"..\..\..\Engine\Content\Localization\ICU\icudt53l\en_ZA.res" 250
"..\..\..\Engine\Content\Localization\ICU\icudt53l\curr\en_ZA.res" 251
"..\..\..\Engine\Content\Localization\ICU\icudt53l\en_ZM.res" 252
"..\..\..\Engine\Content\Localization\ICU\icudt53l\curr\en_ZM.res" 253
"..\..\..\Engine\Content\Localization\ICU\icudt53l\en_ZW.res" 254
"..\..\..\Engine\Content\Localization\ICU\icudt53l\curr\en_ZW.res" 255
"..\..\..\Engine\Content\Localization\ICU\icudt53l\coll\es.res" 256
"..\..\..\Engine\Content\Localization\ICU\icudt53l\es.res" 257
"..\..\..\Engine\Content\Localization\ICU\icudt53l\curr\es.res" 258
"..\..\..\Engine\Content\Localization\ICU\icudt53l\es_ES.res" 259
"..\..\..\Engine\Content\Localization\ICU\icudt53l\es_419.res" 260
"..\..\..\Engine\Content\Localization\ICU\icudt53l\es_AR.res" 261
"..\..\..\Engine\Content\Localization\ICU\icudt53l\curr\es_AR.res" 262
"..\..\..\Engine\Content\Localization\ICU\icudt53l\es_BO.res" 263
"..\..\..\Engine\Content\Localization\ICU\icudt53l\curr\es_BO.res" 264
"..\..\..\Engine\Content\Localization\ICU\icudt53l\es_CL.res" 265
"..\..\..\Engine\Content\Localization\ICU\icudt53l\curr\es_CL.res" 266
"..\..\..\Engine\Content\Localization\ICU\icudt53l\es_CO.res" 267
"..\..\..\Engine\Content\Localization\ICU\icudt53l\curr\es_CO.res" 268
"..\..\..\Engine\Content\Localization\ICU\icudt53l\es_CR.res" 269
"..\..\..\Engine\Content\Localization\ICU\icudt53l\curr\es_CR.res" 270
"..\..\..\Engine\Content\Localization\ICU\icudt53l\es_CU.res" 271
"..\..\..\Engine\Content\Localization\ICU\icudt53l\curr\es_CU.res" 272
"..\..\..\Engine\Content\Localization\ICU\icudt53l\es_DO.res" 273
"..\..\..\Engine\Content\Localization\ICU\icudt53l\curr\es_DO.res" 274
"..\..\..\Engine\Content\Localization\ICU\icudt53l\es_EA.res" 275
"..\..\..\Engine\Content\Localization\ICU\icudt53l\es_EC.res" 276
"..\..\..\Engine\Content\Localization\ICU\icudt53l\curr\es_EC.res" 277
"..\..\..\Engine\Content\Localization\ICU\icudt53l\es_GQ.res" 278
"..\..\..\Engine\Content\Localization\ICU\icudt53l\es_GT.res" 279
"..\..\..\Engine\Content\Localization\ICU\icudt53l\curr\es_GT.res" 280
"..\..\..\Engine\Content\Localization\ICU\icudt53l\es_HN.res" 281
"..\..\..\Engine\Content\Localization\ICU\icudt53l\curr\es_HN.res" 282
"..\..\..\Engine\Content\Localization\ICU\icudt53l\es_IC.res" 283
"..\..\..\Engine\Content\Localization\ICU\icudt53l\es_MX.res" 284
"..\..\..\Engine\Content\Localization\ICU\icudt53l\curr\es_MX.res" 285
"..\..\..\Engine\Content\Localization\ICU\icudt53l\es_NI.res" 286
"..\..\..\Engine\Content\Localization\ICU\icudt53l\curr\es_NI.res" 287
"..\..\..\Engine\Content\Localization\ICU\icudt53l\es_PA.res" 288
"..\..\..\Engine\Content\Localization\ICU\icudt53l\curr\es_PA.res" 289
"..\..\..\Engine\Content\Localization\ICU\icudt53l\es_PE.res" 290
"..\..\..\Engine\Content\Localization\ICU\icudt53l\curr\es_PE.res" 291
"..\..\..\Engine\Content\Localization\ICU\icudt53l\es_PH.res" 292
"..\..\..\Engine\Content\Localization\ICU\icudt53l\curr\es_PH.res" 293
"..\..\..\Engine\Content\Localization\ICU\icudt53l\es_PR.res" 294
"..\..\..\Engine\Content\Localization\ICU\icudt53l\curr\es_PR.res" 295
"..\..\..\Engine\Content\Localization\ICU\icudt53l\es_PY.res" 296
"..\..\..\Engine\Content\Localization\ICU\icudt53l\curr\es_PY.res" 297
"..\..\..\Engine\Content\Localization\ICU\icudt53l\es_SV.res" 298
"..\..\..\Engine\Content\Localization\ICU\icudt53l\curr\es_SV.res" 299
"..\..\..\Engine\Content\Localization\ICU\icudt53l\es_US.res" 300
"..\..\..\Engine\Content\Localization\ICU\icudt53l\curr\es_US.res" 301
"..\..\..\Engine\Content\Localization\ICU\icudt53l\es_UY.res" 302
"..\..\..\Engine\Content\Localization\ICU\icudt53l\curr\es_UY.res" 303
"..\..\..\Engine\Content\Localization\ICU\icudt53l\es_VE.res" 304
"..\..\..\Engine\Content\Localization\ICU\icudt53l\curr\es_VE.res" 305
"..\..\..\Engine\Content\Localization\ICU\icudt53l\coll\fr.res" 306
"..\..\..\Engine\Content\Localization\ICU\icudt53l\fr.res" 307
"..\..\..\Engine\Content\Localization\ICU\icudt53l\curr\fr.res" 308
"..\..\..\Engine\Content\Localization\ICU\icudt53l\fr_FR.res" 309
"..\..\..\Engine\Content\Localization\ICU\icudt53l\fr_BE.res" 310
"..\..\..\Engine\Content\Localization\ICU\icudt53l\fr_BF.res" 311
"..\..\..\Engine\Content\Localization\ICU\icudt53l\fr_BI.res" 312
"..\..\..\Engine\Content\Localization\ICU\icudt53l\curr\fr_BI.res" 313
"..\..\..\Engine\Content\Localization\ICU\icudt53l\fr_BJ.res" 314
"..\..\..\Engine\Content\Localization\ICU\icudt53l\fr_BL.res" 315
"..\..\..\Engine\Content\Localization\ICU\icudt53l\coll\fr_CA.res" 316
"..\..\..\Engine\Content\Localization\ICU\icudt53l\fr_CA.res" 317
"..\..\..\Engine\Content\Localization\ICU\icudt53l\curr\fr_CA.res" 318
"..\..\..\Engine\Content\Localization\ICU\icudt53l\fr_CD.res" 319
"..\..\..\Engine\Content\Localization\ICU\icudt53l\curr\fr_CD.res" 320
"..\..\..\Engine\Content\Localization\ICU\icudt53l\fr_CF.res" 321
"..\..\..\Engine\Content\Localization\ICU\icudt53l\fr_CG.res" 322
"..\..\..\Engine\Content\Localization\ICU\icudt53l\fr_CH.res" 323
"..\..\..\Engine\Content\Localization\ICU\icudt53l\curr\fr_CH.res" 324
"..\..\..\Engine\Content\Localization\ICU\icudt53l\fr_CI.res" 325
"..\..\..\Engine\Content\Localization\ICU\icudt53l\fr_CM.res" 326
"..\..\..\Engine\Content\Localization\ICU\icudt53l\fr_DJ.res" 327
"..\..\..\Engine\Content\Localization\ICU\icudt53l\curr\fr_DJ.res" 328
"..\..\..\Engine\Content\Localization\ICU\icudt53l\fr_DZ.res" 329
"..\..\..\Engine\Content\Localization\ICU\icudt53l\curr\fr_DZ.res" 330
"..\..\..\Engine\Content\Localization\ICU\icudt53l\fr_GA.res" 331
"..\..\..\Engine\Content\Localization\ICU\icudt53l\fr_GF.res" 332
"..\..\..\Engine\Content\Localization\ICU\icudt53l\fr_GN.res" 333
"..\..\..\Engine\Content\Localization\ICU\icudt53l\curr\fr_GN.res" 334
"..\..\..\Engine\Content\Localization\ICU\icudt53l\fr_GP.res" 335
"..\..\..\Engine\Content\Localization\ICU\icudt53l\fr_GQ.res" 336
"..\..\..\Engine\Content\Localization\ICU\icudt53l\fr_HT.res" 337
"..\..\..\Engine\Content\Localization\ICU\icudt53l\curr\fr_HT.res" 338
"..\..\..\Engine\Content\Localization\ICU\icudt53l\fr_KM.res" 339
"..\..\..\Engine\Content\Localization\ICU\icudt53l\curr\fr_KM.res" 340
"..\..\..\Engine\Content\Localization\ICU\icudt53l\fr_LU.res" 341
"..\..\..\Engine\Content\Localization\ICU\icudt53l\curr\fr_LU.res" 342
"..\..\..\Engine\Content\Localization\ICU\icudt53l\fr_MA.res" 343
"..\..\..\Engine\Content\Localization\ICU\icudt53l\fr_MC.res" 344
"..\..\..\Engine\Content\Localization\ICU\icudt53l\fr_MF.res" 345
"..\..\..\Engine\Content\Localization\ICU\icudt53l\fr_MG.res" 346
"..\..\..\Engine\Content\Localization\ICU\icudt53l\curr\fr_MG.res" 347
"..\..\..\Engine\Content\Localization\ICU\icudt53l\fr_ML.res" 348
"..\..\..\Engine\Content\Localization\ICU\icudt53l\fr_MQ.res" 349
"..\..\..\Engine\Content\Localization\ICU\icudt53l\fr_MR.res" 350
"..\..\..\Engine\Content\Localization\ICU\icudt53l\curr\fr_MR.res" 351
"..\..\..\Engine\Content\Localization\ICU\icudt53l\fr_MU.res" 352
"..\..\..\Engine\Content\Localization\ICU\icudt53l\curr\fr_MU.res" 353
"..\..\..\Engine\Content\Localization\ICU\icudt53l\fr_NC.res" 354
"..\..\..\Engine\Content\Localization\ICU\icudt53l\fr_NE.res" 355
"..\..\..\Engine\Content\Localization\ICU\icudt53l\fr_PF.res" 356
"..\..\..\Engine\Content\Localization\ICU\icudt53l\fr_PM.res" 357
"..\..\..\Engine\Content\Localization\ICU\icudt53l\fr_RE.res" 358
"..\..\..\Engine\Content\Localization\ICU\icudt53l\fr_RW.res" 359
"..\..\..\Engine\Content\Localization\ICU\icudt53l\curr\fr_RW.res" 360
"..\..\..\Engine\Content\Localization\ICU\icudt53l\fr_SC.res" 361
"..\..\..\Engine\Content\Localization\ICU\icudt53l\curr\fr_SC.res" 362
"..\..\..\Engine\Content\Localization\ICU\icudt53l\fr_SN.res" 363
"..\..\..\Engine\Content\Localization\ICU\icudt53l\fr_SY.res" 364
"..\..\..\Engine\Content\Localization\ICU\icudt53l\curr\fr_SY.res" 365
"..\..\..\Engine\Content\Localization\ICU\icudt53l\fr_TD.res" 366
"..\..\..\Engine\Content\Localization\ICU\icudt53l\fr_TG.res" 367
"..\..\..\Engine\Content\Localization\ICU\icudt53l\fr_TN.res" 368
"..\..\..\Engine\Content\Localization\ICU\icudt53l\curr\fr_TN.res" 369
"..\..\..\Engine\Content\Localization\ICU\icudt53l\fr_VU.res" 370
"..\..\..\Engine\Content\Localization\ICU\icudt53l\curr\fr_VU.res" 371
"..\..\..\Engine\Content\Localization\ICU\icudt53l\fr_WF.res" 372
"..\..\..\Engine\Content\Localization\ICU\icudt53l\fr_YT.res" 373
"..\..\..\Engine\Content\Localization\ICU\icudt53l\coll\hi.res" 374
"..\..\..\Engine\Content\Localization\ICU\icudt53l\hi.res" 375
"..\..\..\Engine\Content\Localization\ICU\icudt53l\curr\hi.res" 376
"..\..\..\Engine\Content\Localization\ICU\icudt53l\hi_IN.res" 377
"..\..\..\Engine\Content\Localization\ICU\icudt53l\coll\it.res" 378
"..\..\..\Engine\Content\Localization\ICU\icudt53l\it.res" 379
"..\..\..\Engine\Content\Localization\ICU\icudt53l\curr\it.res" 380
"..\..\..\Engine\Content\Localization\ICU\icudt53l\it_IT.res" 381
"..\..\..\Engine\Content\Localization\ICU\icudt53l\it_CH.res" 382
"..\..\..\Engine\Content\Localization\ICU\icudt53l\curr\it_CH.res" 383
"..\..\..\Engine\Content\Localization\ICU\icudt53l\it_SM.res" 384
"..\..\..\Engine\Content\Localization\ICU\icudt53l\coll\ja.res" 385
"..\..\..\Engine\Content\Localization\ICU\icudt53l\ja.res" 386
"..\..\..\Engine\Content\Localization\ICU\icudt53l\curr\ja.res" 387
"..\..\..\Engine\Content\Localization\ICU\icudt53l\ja_JP.res" 388
"..\..\..\Engine\Content\Localization\ICU\icudt53l\curr\ja_JP.res" 389
"..\..\..\Engine\Content\Localization\ICU\icudt53l\coll\ko.res" 390
"..\..\..\Engine\Content\Localization\ICU\icudt53l\ko.res" 391
"..\..\..\Engine\Content\Localization\ICU\icudt53l\curr\ko.res" 392
"..\..\..\Engine\Content\Localization\ICU\icudt53l\ko_KR.res" 393
"..\..\..\Engine\Content\Localization\ICU\icudt53l\ko_KP.res" 394
"..\..\..\Engine\Content\Localization\ICU\icudt53l\coll\leet.res" 395
"..\..\..\Engine\Content\Localization\ICU\icudt53l\leet.res" 396
"..\..\..\Engine\Content\Localization\ICU\icudt53l\curr\leet.res" 397
"..\..\..\Engine\Content\Localization\ICU\icudt53l\coll\pl.res" 398
"..\..\..\Engine\Content\Localization\ICU\icudt53l\pl.res" 399
"..\..\..\Engine\Content\Localization\ICU\icudt53l\curr\pl.res" 400
"..\..\..\Engine\Content\Localization\ICU\icudt53l\pl_PL.res" 401
"..\..\..\Engine\Content\Localization\ICU\icudt53l\coll\pt.res" 402
"..\..\..\Engine\Content\Localization\ICU\icudt53l\pt.res" 403
"..\..\..\Engine\Content\Localization\ICU\icudt53l\curr\pt.res" 404
"..\..\..\Engine\Content\Localization\ICU\icudt53l\pt_BR.res" 405
"..\..\..\Engine\Content\Localization\ICU\icudt53l\pt_AO.res" 406
"..\..\..\Engine\Content\Localization\ICU\icudt53l\pt_PT.res" 407
"..\..\..\Engine\Content\Localization\ICU\icudt53l\curr\pt_AO.res" 408
"..\..\..\Engine\Content\Localization\ICU\icudt53l\curr\pt_PT.res" 409
"..\..\..\Engine\Content\Localization\ICU\icudt53l\pt_CV.res" 410
"..\..\..\Engine\Content\Localization\ICU\icudt53l\curr\pt_CV.res" 411
"..\..\..\Engine\Content\Localization\ICU\icudt53l\pt_GW.res" 412
"..\..\..\Engine\Content\Localization\ICU\icudt53l\curr\pt_GW.res" 413
"..\..\..\Engine\Content\Localization\ICU\icudt53l\pt_MO.res" 414
"..\..\..\Engine\Content\Localization\ICU\icudt53l\curr\pt_MO.res" 415
"..\..\..\Engine\Content\Localization\ICU\icudt53l\pt_MZ.res" 416
"..\..\..\Engine\Content\Localization\ICU\icudt53l\curr\pt_MZ.res" 417
"..\..\..\Engine\Content\Localization\ICU\icudt53l\pt_ST.res" 418
"..\..\..\Engine\Content\Localization\ICU\icudt53l\curr\pt_ST.res" 419
"..\..\..\Engine\Content\Localization\ICU\icudt53l\pt_TL.res" 420
"..\..\..\Engine\Content\Localization\ICU\icudt53l\curr\pt_TL.res" 421
"..\..\..\Engine\Content\Localization\ICU\icudt53l\coll\ru.res" 422
"..\..\..\Engine\Content\Localization\ICU\icudt53l\ru.res" 423
"..\..\..\Engine\Content\Localization\ICU\icudt53l\curr\ru.res" 424
"..\..\..\Engine\Content\Localization\ICU\icudt53l\ru_RU.res" 425
"..\..\..\Engine\Content\Localization\ICU\icudt53l\ru_BY.res" 426
"..\..\..\Engine\Content\Localization\ICU\icudt53l\curr\ru_BY.res" 427
"..\..\..\Engine\Content\Localization\ICU\icudt53l\ru_KG.res" 428
"..\..\..\Engine\Content\Localization\ICU\icudt53l\curr\ru_KG.res" 429
"..\..\..\Engine\Content\Localization\ICU\icudt53l\ru_KZ.res" 430
"..\..\..\Engine\Content\Localization\ICU\icudt53l\curr\ru_KZ.res" 431
"..\..\..\Engine\Content\Localization\ICU\icudt53l\ru_MD.res" 432
"..\..\..\Engine\Content\Localization\ICU\icudt53l\curr\ru_MD.res" 433
"..\..\..\Engine\Content\Localization\ICU\icudt53l\ru_UA.res" 434
"..\..\..\Engine\Content\Localization\ICU\icudt53l\coll\sv.res" 435
"..\..\..\Engine\Content\Localization\ICU\icudt53l\sv.res" 436
"..\..\..\Engine\Content\Localization\ICU\icudt53l\curr\sv.res" 437
"..\..\..\Engine\Content\Localization\ICU\icudt53l\sv_SE.res" 438
"..\..\..\Engine\Content\Localization\ICU\icudt53l\sv_AX.res" 439
"..\..\..\Engine\Content\Localization\ICU\icudt53l\sv_FI.res" 440
"..\..\..\Engine\Content\Localization\ICU\icudt53l\coll\zh.res" 441
"..\..\..\Engine\Content\Localization\ICU\icudt53l\zh.res" 442
"..\..\..\Engine\Content\Localization\ICU\icudt53l\curr\zh.res" 443
"..\..\..\Engine\Content\Localization\ICU\icudt53l\zh_CN.res" 444
"..\..\..\Engine\Content\Localization\ICU\icudt53l\zh_Hans_CN.res" 445
"..\..\..\Engine\Content\Localization\ICU\icudt53l\zh_Hans.res" 446
"..\..\..\Engine\Content\Localization\ICU\icudt53l\coll\zh_Hans.res" 447
"..\..\..\Engine\Content\Localization\ICU\icudt53l\curr\zh_Hans.res" 448
"..\..\..\Engine\Content\Localization\ICU\icudt53l\coll\zh_Hans_CN.res" 449
"..\..\..\Engine\Content\Localization\ICU\icudt53l\curr\zh_Hans_CN.res" 450
"..\..\..\Engine\Content\Localization\ICU\icudt53l\zh_Hans_HK.res" 451
"..\..\..\Engine\Content\Localization\ICU\icudt53l\curr\zh_Hans_HK.res" 452
"..\..\..\Engine\Content\Localization\ICU\icudt53l\zh_Hans_MO.res" 453
"..\..\..\Engine\Content\Localization\ICU\icudt53l\curr\zh_Hans_MO.res" 454
"..\..\..\Engine\Content\Localization\ICU\icudt53l\coll\zh_Hans_SG.res" 455
"..\..\..\Engine\Content\Localization\ICU\icudt53l\zh_Hans_SG.res" 456
"..\..\..\Engine\Content\Localization\ICU\icudt53l\curr\zh_Hans_SG.res" 457
"..\..\..\Engine\Content\Localization\ICU\icudt53l\zh_SG.res" 458
"..\..\..\Engine\Content\Localization\ICU\icudt53l\coll\zh_Hant.res" 459
"..\..\..\Engine\Content\Localization\ICU\icudt53l\zh_Hant.res" 460
"..\..\..\Engine\Content\Localization\ICU\icudt53l\curr\zh_Hant.res" 461
"..\..\..\Engine\Content\Localization\ICU\icudt53l\zh_TW.res" 462
"..\..\..\Engine\Content\Localization\ICU\icudt53l\zh_Hant_TW.res" 463
"..\..\..\Engine\Content\Localization\ICU\icudt53l\coll\zh_Hant_HK.res" 464
"..\..\..\Engine\Content\Localization\ICU\icudt53l\zh_Hant_HK.res" 465
"..\..\..\Engine\Content\Localization\ICU\icudt53l\curr\zh_Hant_HK.res" 466
"..\..\..\Engine\Content\Localization\ICU\icudt53l\zh_HK.res" 467
"..\..\..\Engine\Content\Localization\ICU\icudt53l\coll\zh_Hant_MO.res" 468
"..\..\..\Engine\Content\Localization\ICU\icudt53l\zh_Hant_MO.res" 469
"..\..\..\Engine\Content\Localization\ICU\icudt53l\curr\zh_Hant_MO.res" 470
"..\..\..\Engine\Content\Localization\ICU\icudt53l\zh_MO.res" 471
"..\..\..\Engine\Content\Localization\ICU\icudt53l\coll\zh_Hant_TW.res" 472
"..\..\..\Engine\Content\Localization\ICU\icudt53l\curr\zh_Hant_TW.res" 473
"../../../Engine/Config/Base.ini" 474
"../../../Engine/Config/BaseEngine.ini" 475
"../../../../../../Users/dan/Documents/Unreal Projects/topdown/Config/DefaultEngine.ini" 476
"../../../Engine/Config/Windows/WindowsEngine.ini" 477
"C:/Users/dan/Documents/Unreal Projects/topdown/Saved/Config/Windows/Engine.ini" 478
"../../../../../../Users/dan/Documents/Unreal Projects/topdown/Saved/Config/CleanSourceConfigs/Engine.ini" 479
"../../../Engine/Config/BaseGame.ini" 480
"../../../../../../Users/dan/Documents/Unreal Projects/topdown/Config/DefaultGame.ini" 481
"C:/Users/dan/Documents/Unreal Projects/topdown/Saved/Config/Windows/Game.ini" 482
"../../../../../../Users/dan/Documents/Unreal Projects/topdown/Saved/Config/CleanSourceConfigs/Game.ini" 483
"../../../Engine/Config/BaseInput.ini" 484
"../../../../../../Users/dan/Documents/Unreal Projects/topdown/Config/DefaultInput.ini" 485
"C:/Users/dan/Documents/Unreal Projects/topdown/Saved/Config/Windows/Input.ini" 486
"../../../../../../Users/dan/Documents/Unreal Projects/topdown/Saved/Config/CleanSourceConfigs/Input.ini" 487
"../../../Engine/Config/BaseEditor.ini" 488
"../../../../../../Users/dan/Documents/Unreal Projects/topdown/Config/DefaultEditor.ini" 489
"C:/Users/dan/Documents/Unreal Projects/topdown/Saved/Config/Windows/Editor.ini" 490
"../../../../../../Users/dan/Documents/Unreal Projects/topdown/Saved/Config/CleanSourceConfigs/Editor.ini" 491
"../../../Engine/Config/BaseEditorLayout.ini" 492
"C:/Users/dan/Documents/Unreal Projects/topdown/Saved/Config/Windows/EditorLayout.ini" 493
"../../../../../../Users/dan/Documents/Unreal Projects/topdown/Saved/Config/CleanSourceConfigs/EditorLayout.ini" 494
"../../../Engine/Config/BaseEditorUserSettings.ini" 495
"C:/Users/dan/Documents/Unreal Projects/topdown/Saved/Config/Windows/EditorUserSettings.ini" 496
"../../../../../../Users/dan/Documents/Unreal Projects/topdown/Saved/Config/CleanSourceConfigs/EditorUserSettings.ini" 497
"../../../Engine/Config/BaseEditorKeyBindings.ini" 498
"C:/Users/dan/Documents/Unreal Projects/topdown/Saved/Config/Windows/EditorKeyBindings.ini" 499
"../../../../../../Users/dan/Documents/Unreal Projects/topdown/Saved/Config/CleanSourceConfigs/EditorKeyBindings.ini" 500
"../../../Engine/Config/BaseCompat.ini" 501
"C:/Users/dan/Documents/Unreal Projects/topdown/Saved/Config/Windows/Compat.ini" 502
"../../../../../../Users/dan/Documents/Unreal Projects/topdown/Saved/Config/CleanSourceConfigs/Compat.ini" 503
"../../../Engine/Config/BaseLightmass.ini" 504
"C:/Users/dan/Documents/Unreal Projects/topdown/Saved/Config/Windows/Lightmass.ini" 505
"../../../../../../Users/dan/Documents/Unreal Projects/topdown/Saved/Config/CleanSourceConfigs/Lightmass.ini" 506
"../../../Engine/Config/BaseScalability.ini" 507
"C:/Users/dan/Documents/Unreal Projects/topdown/Saved/Config/Windows/Scalability.ini" 508
"../../../../../../Users/dan/Documents/Unreal Projects/topdown/Saved/Config/CleanSourceConfigs/Scalability.ini" 509
"C:/Users/dan/Documents/Unreal Projects/topdown/Saved/Config/Windows/GameUserSettings.ini" 510
"../../../../../../Users/dan/Documents/Unreal Projects/topdown/Saved/Config/CleanSourceConfigs/GameUserSettings.ini" 511
"../../../Engine/Config/BaseDeviceProfiles.ini" 512
"C:/Users/dan/Documents/Unreal Projects/topdown/Saved/Config/Windows/DeviceProfiles.ini" 513
"../../../../../../Users/dan/Documents/Unreal Projects/topdown/Saved/Config/CleanSourceConfigs/DeviceProfiles.ini" 514
"../../../Engine/Config/ConsoleVariables.ini" 515
"C:/Program Files/Unreal Engine/4.5/Engine/Content/Localization/Editor/en/Editor.locres" 516
"C:/Program Files/Unreal Engine/4.5/Engine/Content/Localization/EditorTutorials/en/EditorTutorials.locres" 517
"C:/Program Files/Unreal Engine/4.5/Engine/Content/Localization/Engine/en/Engine.locres" 518
"C:/Program Files/Unreal Engine/4.5/Engine/Binaries/Win64/../../../Engine/Shaders/ParticleSpriteVertexFactory.usf" 519
"C:/Program Files/Unreal Engine/4.5/Engine/Binaries/Win64/../../../Engine/Shaders/VertexFactoryCommon.usf" 520
"C:/Program Files/Unreal Engine/4.5/Engine/Binaries/Win64/../../../Engine/Shaders/Common.usf" 521
"C:/Program Files/Unreal Engine/4.5/Engine/Binaries/Win64/../../../Engine/Shaders/ShaderVersion.usf" 522
"C:/Program Files/Unreal Engine/4.5/Engine/Binaries/Win64/../../../Engine/Shaders/Definitions.usf" 523
"C:/Program Files/Unreal Engine/4.5/Engine/Binaries/Win64/../../../Engine/Shaders/Random.usf" 524
"C:/Program Files/Unreal Engine/4.5/Engine/Binaries/Win64/../../../Engine/Shaders/ParticleVertexFactoryCommon.usf" 525
"C:/Program Files/Unreal Engine/4.5/Engine/Binaries/Win64/../../../Engine/Shaders/ParticleGPUSpriteVertexFactory.usf" 526
"C:/Program Files/Unreal Engine/4.5/Engine/Binaries/Win64/../../../Engine/Shaders/ParticleBeamTrailVertexFactory.usf" 527
"C:/Program Files/Unreal Engine/4.5/Engine/Binaries/Win64/../../../Engine/Shaders/LandscapeVertexFactory.usf" 528
"C:/Program Files/Unreal Engine/4.5/Engine/Binaries/Win64/../../../Engine/Shaders/VectorFieldVisualizationVertexFactory.usf" 529
"C:/Program Files/Unreal Engine/4.5/Engine/Binaries/Win64/../../../Engine/Shaders/LocalVertexFactory.usf" 530
"C:/Program Files/Unreal Engine/4.5/Engine/Binaries/Win64/../../../Engine/Shaders/LocalVertexFactoryCommon.usf" 531
"C:/Program Files/Unreal Engine/4.5/Engine/Binaries/Win64/../../../Engine/Shaders/MeshParticleVertexFactory.usf" 532
"C:/Program Files/Unreal Engine/4.5/Engine/Binaries/Win64/../../../Engine/Shaders/GpuSkinVertexFactory.usf" 533
"C:/Program Files/Unreal Engine/4.5/Engine/Binaries/Win64/../../../Engine/Shaders/GpuSkinCacheCommon.usf" 534
"C:/Program Files/Unreal Engine/4.5/Engine/Binaries/Win64/../../../Engine/Shaders/SlateElementPixelShader.usf" 535
"C:/Program Files/Unreal Engine/4.5/Engine/Binaries/Win64/../../../Engine/Shaders/MaterialTemplate.usf" 536
"C:/Program Files/Unreal Engine/4.5/Engine/Binaries/Win64/../../../Engine/Shaders/DepthOfFieldCommon.usf" 537
"C:/Program Files/Unreal Engine/4.5/Engine/Binaries/Win64/../../../Engine/Shaders/SpeedTreeCommon.usf" 538
"C:/Program Files/Unreal Engine/4.5/Engine/Binaries/Win64/../../../Engine/Shaders/AtmosphereCommon.usf" 539
"C:/Program Files/Unreal Engine/4.5/Engine/Binaries/Win64/../../../Engine/Shaders/PostProcessCommon.usf" 540
"C:/Program Files/Unreal Engine/4.5/Engine/Binaries/Win64/../../../Engine/Shaders/DeferredShadingCommon.usf" 541
"C:/Program Files/Unreal Engine/4.5/Engine/Binaries/Win64/../../../Engine/Shaders/LightAccumulator.usf" 542
"C:/Program Files/Unreal Engine/4.5/Engine/Binaries/Win64/../../../Engine/Shaders/SlateVertexShader.usf" 543
"C:/Program Files/Unreal Engine/4.5/Engine/Binaries/Win64/../../../Engine/Shaders/OneColorShader.usf" 544
"C:/Program Files/Unreal Engine/4.5/Engine/Binaries/Win64/../../../Engine/Shaders/ResolveVertexShader.usf" 545
"C:/Program Files/Unreal Engine/4.5/Engine/Binaries/Win64/../../../Engine/Shaders/ResolvePixelShader.usf" 546
"C:/Program Files/Unreal Engine/4.5/Engine/Binaries/Win64/../../../Engine/Shaders/VisualizeTexture.usf" 547
"C:/Program Files/Unreal Engine/4.5/Engine/Binaries/Win64/../../../Engine/Shaders/ScreenSpaceReflections.usf" 548
"C:/Program Files/Unreal Engine/4.5/Engine/Binaries/Win64/../../../Engine/Shaders/BRDF.usf" 549
"C:/Program Files/Unreal Engine/4.5/Engine/Binaries/Win64/../../../Engine/Shaders/MonteCarlo.usf" 550
"C:/Program Files/Unreal Engine/4.5/Engine/Binaries/Win64/../../../Engine/Shaders/FilterVertexShader.usf" 551
"C:/Program Files/Unreal Engine/4.5/Engine/Binaries/Win64/../../../Engine/Shaders/FilterPixelShader.usf" 552
"C:/Program Files/Unreal Engine/4.5/Engine/Binaries/Win64/../../../Engine/Shaders/PostProcessVisualizeHDR.usf" 553
"C:/Program Files/Unreal Engine/4.5/Engine/Binaries/Win64/../../../Engine/Shaders/PostProcessHistogramCommon.usf" 554
"C:/Program Files/Unreal Engine/4.5/Engine/Binaries/Win64/../../../Engine/Shaders/TonemapCommon.usf" 555
"C:/Program Files/Unreal Engine/4.5/Engine/Binaries/Win64/../../../Engine/Shaders/MiniFontCommon.usf" 556
"C:/Program Files/Unreal Engine/4.5/Engine/Binaries/Win64/../../../Engine/Shaders/PostProcessVisualizeBuffer.usf" 557
"C:/Program Files/Unreal Engine/4.5/Engine/Binaries/Win64/../../../Engine/Shaders/PostProcessUpscale.usf" 558
"C:/Program Files/Unreal Engine/4.5/Engine/Binaries/Win64/../../../Engine/Shaders/PostProcessTonemap.usf" 559
"C:/Program Files/Unreal Engine/4.5/Engine/Binaries/Win64/../../../Engine/Shaders/PostProcessTestImage.usf" 560
"C:/Program Files/Unreal Engine/4.5/Engine/Binaries/Win64/../../../Engine/Shaders/PostProcessTemporalAA.usf" 561
"C:/Program Files/Unreal Engine/4.5/Engine/Binaries/Win64/../../../Engine/Shaders/PostProcessTemporalCommon.usf" 562
"C:/Program Files/Unreal Engine/4.5/Engine/Binaries/Win64/../../../Engine/Shaders/PostProcessSubsurface.usf" 563
"C:/Program Files/Unreal Engine/4.5/Engine/Binaries/Win64/../../../Engine/Shaders/SeparableSSS.usf" 564
"C:/Program Files/Unreal Engine/4.5/Engine/Binaries/Win64/../../../Engine/Shaders/PostProcessSelectionOutline.usf" 565
"C:/Program Files/Unreal Engine/4.5/Engine/Binaries/Win64/../../../Engine/Shaders/PostProcessSceneColorFringe.usf" 566
"C:/Program Files/Unreal Engine/4.5/Engine/Binaries/Win64/../../../Engine/Shaders/PostProcessNoiseBlur.usf" 567
"C:/Program Files/Unreal Engine/4.5/Engine/Binaries/Win64/../../../Engine/Shaders/PostProcessMotionBlur.usf" 568
"C:/Program Files/Unreal Engine/4.5/Engine/Binaries/Win64/../../../Engine/Shaders/MorpheusInclude.usf" 569
"C:/Program Files/Unreal Engine/4.5/Engine/Binaries/Win64/../../../Engine/Shaders/PostProcessMobile.usf" 570
"C:/Program Files/Unreal Engine/4.5/Engine/Binaries/Win64/../../../Engine/Shaders/PostProcessMaterialShaders.usf" 571
"C:/Program Files/Unreal Engine/4.5/Engine/Binaries/Win64/../../../Engine/Shaders/PostProcessLensFlares.usf" 572
"C:/Program Files/Unreal Engine/4.5/Engine/Binaries/Win64/../../../Engine/Shaders/PostProcessLensBlur.usf" 573
"C:/Program Files/Unreal Engine/4.5/Engine/Binaries/Win64/../../../Engine/Shaders/PostProcessBloom.usf" 574
"C:/Program Files/Unreal Engine/4.5/Engine/Binaries/Win64/../../../Engine/Shaders/PostProcessHMD.usf" 575
"C:/Program Files/Unreal Engine/4.5/Engine/Binaries/Win64/../../../Engine/Shaders/PostProcessHistogramReduce.usf" 576
"C:/Program Files/Unreal Engine/4.5/Engine/Binaries/Win64/../../../Engine/Shaders/PostProcessHistogram.usf" 577
"C:/Program Files/Unreal Engine/4.5/Engine/Binaries/Win64/../../../Engine/Shaders/PostProcessGBufferHints.usf" 578
"C:/Program Files/Unreal Engine/4.5/Engine/Binaries/Win64/../../../Engine/Shaders/PostProcessEyeAdaptation.usf" 579
"C:/Program Files/Unreal Engine/4.5/Engine/Binaries/Win64/../../../Engine/Shaders/PostProcessDownsample.usf" 580
"C:/Program Files/Unreal Engine/4.5/Engine/Binaries/Win64/../../../Engine/Shaders/PostProcessDOF.usf" 581
"C:/Program Files/Unreal Engine/4.5/Engine/Binaries/Win64/../../../Engine/Shaders/PostProcessCompositeEditorPrimitives.usf" 582
"C:/Program Files/Unreal Engine/4.5/Engine/Binaries/Win64/../../../Engine/Shaders/PostProcessCombineLUTs.usf" 583
"C:/Program Files/Unreal Engine/4.5/Engine/Binaries/Win64/../../../Engine/Shaders/PostProcessBusyWait.usf" 584
"C:/Program Files/Unreal Engine/4.5/Engine/Binaries/Win64/../../../Engine/Shaders/PostProcessBokehDOF.usf" 585
"C:/Program Files/Unreal Engine/4.5/Engine/Binaries/Win64/../../../Engine/Shaders/FXAAShader.usf" 586
"C:/Program Files/Unreal Engine/4.5/Engine/Binaries/Win64/../../../Engine/Shaders/Fxaa3_11.usf" 587
"C:/Program Files/Unreal Engine/4.5/Engine/Binaries/Win64/../../../Engine/Shaders/PostProcessPassThrough.usf" 588
"C:/Program Files/Unreal Engine/4.5/Engine/Binaries/Win64/../../../Engine/Shaders/PostProcessLpvIndirect.usf" 589
"C:/Program Files/Unreal Engine/4.5/Engine/Binaries/Win64/../../../Engine/Shaders/DeferredLightingCommon.usf" 590
"C:/Program Files/Unreal Engine/4.5/Engine/Binaries/Win64/../../../Engine/Shaders/DynamicLightingCommon.usf" 591
"C:/Program Files/Unreal Engine/4.5/Engine/Binaries/Win64/../../../Engine/Shaders/IESLightProfilesCommon.usf" 592
"C:/Program Files/Unreal Engine/4.5/Engine/Binaries/Win64/../../../Engine/Shaders/LPVFinalPass.usf" 593
"C:/Program Files/Unreal Engine/4.5/Engine/Binaries/Win64/../../../Engine/Shaders/LPVCommon.usf" 594
"C:/Program Files/Unreal Engine/4.5/Engine/Binaries/Win64/../../../Engine/Shaders/DeferredDecal.usf" 595
"C:/Program Files/Unreal Engine/4.5/Engine/Binaries/Win64/../../../Engine/Shaders/PostProcessAmbientOcclusion.usf" 596
"C:/Program Files/Unreal Engine/4.5/Engine/Binaries/Win64/../../../Engine/Shaders/PostProcessAmbient.usf" 597
"C:/Program Files/Unreal Engine/4.5/Engine/Binaries/Win64/../../../Engine/Shaders/CubemapCommon.usf" 598
"C:/Program Files/Unreal Engine/4.5/Engine/Binaries/Win64/../../../Engine/Shaders/VelocityShader.usf" 599
"C:/Program Files/Unreal Engine/4.5/Engine/Binaries/Win64/../../../Engine/Shaders/Tessellation.usf" 600
"C:/Program Files/Unreal Engine/4.5/Engine/Binaries/Win64/../../../Engine/Shaders/FlatTessellation.usf" 601
"C:/Program Files/Unreal Engine/4.5/Engine/Binaries/Win64/../../../Engine/Shaders/PNTriangles.usf" 602
"C:/Program Files/Unreal Engine/4.5/Engine/Binaries/Win64/../../../Engine/Shaders/TranslucentLightingShaders.usf" 603
"C:/Program Files/Unreal Engine/4.5/Engine/Binaries/Win64/../../../Engine/Shaders/SHCommon.usf" 604
"C:/Program Files/Unreal Engine/4.5/Engine/Binaries/Win64/../../../Engine/Shaders/ShadowProjectionCommon.usf" 605
"C:/Program Files/Unreal Engine/4.5/Engine/Binaries/Win64/../../../Engine/Shaders/TranslucentLightInjectionShaders.usf" 606
"C:/Program Files/Unreal Engine/4.5/Engine/Binaries/Win64/../../../Engine/Shaders/LightFunctionCommon.usf" 607
"C:/Program Files/Unreal Engine/4.5/Engine/Binaries/Win64/../../../Engine/Shaders/TranslucentShadowDepthShaders.usf" 608
"C:/Program Files/Unreal Engine/4.5/Engine/Binaries/Win64/../../../Engine/Shaders/ShadowDepthCommon.usf" 609
"C:/Program Files/Unreal Engine/4.5/Engine/Binaries/Win64/../../../Engine/Shaders/TiledDeferredLightShaders.usf" 610
"C:/Program Files/Unreal Engine/4.5/Engine/Binaries/Win64/../../../Engine/Shaders/ShadowProjectionPixelShader.usf" 611
"C:/Program Files/Unreal Engine/4.5/Engine/Binaries/Win64/../../../Engine/Shaders/ShadowFilteringCommon.usf" 612
"C:/Program Files/Unreal Engine/4.5/Engine/Binaries/Win64/../../../Engine/Shaders/ShadowProjectionVertexShader.usf" 613
"C:/Program Files/Unreal Engine/4.5/Engine/Binaries/Win64/../../../Engine/Shaders/ShadowDepthPixelShader.usf" 614
"C:/Program Files/Unreal Engine/4.5/Engine/Binaries/Win64/../../../Engine/Shaders/LPVWriteVplCommon.usf" 615
"C:/Program Files/Unreal Engine/4.5/Engine/Binaries/Win64/../../../Engine/Shaders/LPVWriteCommon.usf" 616
"C:/Program Files/Unreal Engine/4.5/Engine/Binaries/Win64/../../../Engine/Shaders/ShadowDepthVertexShader.usf" 617
"C:/Program Files/Unreal Engine/4.5/Engine/Binaries/Win64/../../../Engine/Shaders/ShaderComplexityApplyPixelShader.usf" 618
"C:/Program Files/Unreal Engine/4.5/Engine/Binaries/Win64/../../../Engine/Shaders/ShaderComplexityApplyVertexShader.usf" 619
"C:/Program Files/Unreal Engine/4.5/Engine/Binaries/Win64/../../../Engine/Shaders/ShaderComplexityAccumulatePixelShader.usf" 620
"C:/Program Files/Unreal Engine/4.5/Engine/Binaries/Win64/../../../Engine/Shaders/HZBOcclusion.usf" 621
"C:/Program Files/Unreal Engine/4.5/Engine/Binaries/Win64/../../../Engine/Shaders/OcclusionQueryVertexShader.usf" 622
"C:/Program Files/Unreal Engine/4.5/Engine/Binaries/Win64/../../../Engine/Shaders/HitProxyPixelShader.usf" 623
"C:/Program Files/Unreal Engine/4.5/Engine/Binaries/Win64/../../../Engine/Shaders/HitProxyVertexShader.usf" 624
"C:/Program Files/Unreal Engine/4.5/Engine/Binaries/Win64/../../../Engine/Shaders/ReflectionEnvironmentShaders.usf" 625
"C:/Program Files/Unreal Engine/4.5/Engine/Binaries/Win64/../../../Engine/Shaders/ReflectionEnvironmentShared.usf" 626
"C:/Program Files/Unreal Engine/4.5/Engine/Binaries/Win64/../../../Engine/Shaders/SkyLightingShared.usf" 627
"C:/Program Files/Unreal Engine/4.5/Engine/Binaries/Win64/../../../Engine/Shaders/ReflectionEnvironmentComputeShaders.usf" 628
"C:/Program Files/Unreal Engine/4.5/Engine/Binaries/Win64/../../../Engine/Shaders/LightShaftShader.usf" 629
"C:/Program Files/Unreal Engine/4.5/Engine/Binaries/Win64/../../../Engine/Shaders/StationaryLightOverlapShaders.usf" 630
"C:/Program Files/Unreal Engine/4.5/Engine/Binaries/Win64/../../../Engine/Shaders/DeferredLightPixelShaders.usf" 631
"C:/Program Files/Unreal Engine/4.5/Engine/Binaries/Win64/../../../Engine/Shaders/DeferredLightVertexShaders.usf" 632
"C:/Program Files/Unreal Engine/4.5/Engine/Binaries/Win64/../../../Engine/Shaders/LPVVisualise.usf" 633
"C:/Program Files/Unreal Engine/4.5/Engine/Binaries/Win64/../../../Engine/Shaders/LPVGeometryVolumeCommon.usf" 634
"C:/Program Files/Unreal Engine/4.5/Engine/Binaries/Win64/../../../Engine/Shaders/LPVDirectLightInject.usf" 635
"C:/Program Files/Unreal Engine/4.5/Engine/Binaries/Win64/../../../Engine/Shaders/LPVPropagate.usf" 636
"C:/Program Files/Unreal Engine/4.5/Engine/Binaries/Win64/../../../Engine/Shaders/LPVBuildGeometryVolume.usf" 637
"C:/Program Files/Unreal Engine/4.5/Engine/Binaries/Win64/../../../Engine/Shaders/LPVInject_AccumulateVplLists.usf" 638
"C:/Program Files/Unreal Engine/4.5/Engine/Binaries/Win64/../../../Engine/Shaders/LPVInject_GenerateVplLists.usf" 639
"C:/Program Files/Unreal Engine/4.5/Engine/Binaries/Win64/../../../Engine/Shaders/LPVClearLists.usf" 640
"C:/Program Files/Unreal Engine/4.5/Engine/Binaries/Win64/../../../Engine/Shaders/LPVClear.usf" 641
"C:/Program Files/Unreal Engine/4.5/Engine/Binaries/Win64/../../../Engine/Shaders/LightMapDensityShader.usf" 642
"C:/Program Files/Unreal Engine/4.5/Engine/Binaries/Win64/../../../Engine/Shaders/LightFunctionPixelShader.usf" 643
"C:/Program Files/Unreal Engine/4.5/Engine/Binaries/Win64/../../../Engine/Shaders/LightFunctionVertexShader.usf" 644
"C:/Program Files/Unreal Engine/4.5/Engine/Binaries/Win64/../../../Engine/Shaders/HdrCustomResolveShaders.usf" 645
"C:/Program Files/Unreal Engine/4.5/Engine/Binaries/Win64/../../../Engine/Shaders/GPUBenchmark.usf" 646
"C:/Program Files/Unreal Engine/4.5/Engine/Binaries/Win64/../../../Engine/Shaders/GammaCorrection.usf" 647
"C:/Program Files/Unreal Engine/4.5/Engine/Binaries/Win64/../../../Engine/Shaders/BasePassForForwardShadingPixelShader.usf" 648
"C:/Program Files/Unreal Engine/4.5/Engine/Binaries/Win64/../../../Engine/Shaders/BasePassForForwardShadingCommon.usf" 649
"C:/Program Files/Unreal Engine/4.5/Engine/Binaries/Win64/../../../Engine/Shaders/LightmapCommon.usf" 650
"C:/Program Files/Unreal Engine/4.5/Engine/Binaries/Win64/../../../Engine/Shaders/BasePassForForwardShadingVertexShader.usf" 651
"C:/Program Files/Unreal Engine/4.5/Engine/Binaries/Win64/../../../Engine/Shaders/HeightFogCommon.usf" 652
"C:/Program Files/Unreal Engine/4.5/Engine/Binaries/Win64/../../../Engine/Shaders/HeightFogPixelShader.usf" 653
"C:/Program Files/Unreal Engine/4.5/Engine/Binaries/Win64/../../../Engine/Shaders/HeightFogVertexShader.usf" 654
"C:/Program Files/Unreal Engine/4.5/Engine/Binaries/Win64/../../../Engine/Shaders/DistortAccumulatePS.usf" 655
"C:/Program Files/Unreal Engine/4.5/Engine/Binaries/Win64/../../../Engine/Shaders/DistortAccumulateVS.usf" 656
"C:/Program Files/Unreal Engine/4.5/Engine/Binaries/Win64/../../../Engine/Shaders/DistortApplyScreenPS.usf" 657
"C:/Program Files/Unreal Engine/4.5/Engine/Binaries/Win64/../../../Engine/Shaders/SkyLighting.usf" 658
"C:/Program Files/Unreal Engine/4.5/Engine/Binaries/Win64/../../../Engine/Shaders/DistanceFieldSurfaceCacheLighting.usf" 659
"C:/Program Files/Unreal Engine/4.5/Engine/Binaries/Win64/../../../Engine/Shaders/DistanceFieldLightingShared.usf" 660
"C:/Program Files/Unreal Engine/4.5/Engine/Binaries/Win64/../../../Engine/Shaders/DistanceFieldAOShared.usf" 661
"C:/Program Files/Unreal Engine/4.5/Engine/Binaries/Win64/../../../Engine/Shaders/DistanceFieldSurfaceCacheLightingCompute.usf" 662
"C:/Program Files/Unreal Engine/4.5/Engine/Binaries/Win64/../../../Engine/Shaders/DistanceFieldShadowing.usf" 663
"C:/Program Files/Unreal Engine/4.5/Engine/Binaries/Win64/../../../Engine/Shaders/DepthOnlyPixelShader.usf" 664
"C:/Program Files/Unreal Engine/4.5/Engine/Binaries/Win64/../../../Engine/Shaders/DepthOnlyVertexShader.usf" 665
"C:/Program Files/Unreal Engine/4.5/Engine/Binaries/Win64/../../../Engine/Shaders/PositionOnlyDepthVertexShader.usf" 666
"C:/Program Files/Unreal Engine/4.5/Engine/Binaries/Win64/../../../Engine/Shaders/DownsampleDepthPixelShader.usf" 667
"C:/Program Files/Unreal Engine/4.5/Engine/Binaries/Win64/../../../Engine/Shaders/BasePassPixelShader.usf" 668
"C:/Program Files/Unreal Engine/4.5/Engine/Binaries/Win64/../../../Engine/Shaders/BasePassCommon.usf" 669
"C:/Program Files/Unreal Engine/4.5/Engine/Binaries/Win64/../../../Engine/Shaders/BasePassVertexShader.usf" 670
"C:/Program Files/Unreal Engine/4.5/Engine/Binaries/Win64/../../../Engine/Shaders/BasePassVertexCommon.usf" 671
"C:/Program Files/Unreal Engine/4.5/Engine/Binaries/Win64/../../../Engine/Shaders/BasePassTessellationShaders.usf" 672
"C:/Program Files/Unreal Engine/4.5/Engine/Binaries/Win64/../../../Engine/Shaders/AtmospherePrecompute.usf" 673
"C:/Program Files/Unreal Engine/4.5/Engine/Binaries/Win64/../../../Engine/Shaders/AtmospherePrecomputeCommon.usf" 674
"C:/Program Files/Unreal Engine/4.5/Engine/Binaries/Win64/../../../Engine/Shaders/AtmospherePrecomputeInscatter.usf" 675
"C:/Program Files/Unreal Engine/4.5/Engine/Binaries/Win64/../../../Engine/Shaders/AtmosphericFogShader.usf" 676
"C:/Program Files/Unreal Engine/4.5/Engine/Binaries/Win64/../../../Engine/Shaders/ParticleSortKeyGen.usf" 677
"C:/Program Files/Unreal Engine/4.5/Engine/Binaries/Win64/../../../Engine/Shaders/ParticleBoundsShader.usf" 678
"C:/Program Files/Unreal Engine/4.5/Engine/Binaries/Win64/../../../Engine/Shaders/ParticleSimVisualizeShader.usf" 679
"C:/Program Files/Unreal Engine/4.5/Engine/Binaries/Win64/../../../Engine/Shaders/ParticleInjectionShader.usf" 680
"C:/Program Files/Unreal Engine/4.5/Engine/Binaries/Win64/../../../Engine/Shaders/ParticleSimulationShader.usf" 681
"C:/Program Files/Unreal Engine/4.5/Engine/Binaries/Win64/../../../Engine/Shaders/ParticleCurveInjectionShader.usf" 682
"C:/Program Files/Unreal Engine/4.5/Engine/Binaries/Win64/../../../Engine/Shaders/VectorFieldCompositeShaders.usf" 683
"C:/Program Files/Unreal Engine/4.5/Engine/Binaries/Win64/../../../Engine/Shaders/UpdateTextureShaders.usf" 684
"C:/Program Files/Unreal Engine/4.5/Engine/Binaries/Win64/../../../Engine/Shaders/SimpleElementColorChannelMaskPixelShader.usf" 685
"C:/Program Files/Unreal Engine/4.5/Engine/Binaries/Win64/../../../Engine/Shaders/SimpleElementHitProxyPixelShader.usf" 686
"C:/Program Files/Unreal Engine/4.5/Engine/Binaries/Win64/../../../Engine/Shaders/SimpleElementPixelShader.usf" 687
"C:/Program Files/Unreal Engine/4.5/Engine/Binaries/Win64/../../../Engine/Shaders/ColorUtils.usf" 688
"C:/Program Files/Unreal Engine/4.5/Engine/Binaries/Win64/../../../Engine/Shaders/SimpleElementVertexShader.usf" 689
"C:/Program Files/Unreal Engine/4.5/Engine/Binaries/Win64/../../../Engine/Shaders/ScreenVertexShader.usf" 690
"C:/Program Files/Unreal Engine/4.5/Engine/Binaries/Win64/../../../Engine/Shaders/ScreenPixelShader.usf" 691
"C:/Program Files/Unreal Engine/4.5/Engine/Binaries/Win64/../../../Engine/Shaders/RadixSortShaders.usf" 692
"C:/Program Files/Unreal Engine/4.5/Engine/Binaries/Win64/../../../Engine/Shaders/GpuSkinCacheComputeShader.usf" 693
"C:/Program Files/Unreal Engine/4.5/Engine/Binaries/Win64/../../../Engine/Shaders/NullPixelShader.usf" 694
"C:/Program Files/Unreal Engine/4.5/Engine/Binaries/Win64/../../../Engine/Shaders/ClearReplacementShaders.usf" 695
"C:/Program Files/Unreal Engine/4.5/Engine/Binaries/Win64/../../../Engine/Shaders/SimpleElementTexture2DPreviewPixelShader.usf" 696
"C:/Program Files/Unreal Engine/4.5/Engine/Binaries/Win64/../../../Engine/Shaders/SimpleElementNormalMapPixelShader.usf" 697
"C:/Program Files/Unreal Engine/4.5/Engine/Binaries/Win64/../../../Engine/Shaders/meshpaintdilatepixelshader.usf" 698
"C:/Program Files/Unreal Engine/4.5/Engine/Binaries/Win64/../../../Engine/Shaders/meshpaintdilatevertexshader.usf" 699
"C:/Program Files/Unreal Engine/4.5/Engine/Binaries/Win64/../../../Engine/Shaders/MeshPaintPixelShader.usf" 700
"C:/Program Files/Unreal Engine/4.5/Engine/Binaries/Win64/../../../Engine/Shaders/MeshPaintVertexShader.usf" 701
"../../../Engine/Config/Android/AndroidEngine.ini" 702
"../../../Engine/Config/IOS/IOSEngine.ini" 703
"C:/Users/dan/AppData/Local/UnrealEngine/4.5/DerivedDataCache/Boot.ddc" 704
"../../../Engine/DerivedDataCache/DDC.ddp" 705
"../../../Engine/Content/Maps/Templates/Thumbnails/Default.uasset" 706
"../../../Engine/Content/EditorMaterials/ParticleSystems/PSysThumbnail_NoImage.uasset" 707
"../../../Engine/Content/EditorMaterials/ParticleSystems/PSysThumbnail_OOD.uasset" 708
"../../../Engine/Content/EditorResources/S_Actor.uasset" 709
"../../../Engine/Content/EngineDamageTypes/DmgTypeBP_Environmental.uasset" 710
"../../../Engine/Content/EditorLandscapeResources/DataLayer.uasset" 711
"../../../Engine/Content/EngineMeshes/Sphere.uasset" 712
"../../../Engine/Content/EngineFonts/RobotoDistanceField.uasset" 713
"../../../Engine/Content/EngineMaterials/DefaultTextMaterialOpaque.uasset" 714
"../../../Engine/Content/Functions/Engine_MaterialFunctions01/Shading/PowerToRoughness.uasset" 715
"../../../Engine/Content/Functions/Engine_MaterialFunctions01/Shading/ConvertFromDiffSpec.uasset" 716
"../../../Engine/Content/EngineMaterials/WorldGridMaterial.uasset" 717
"../../../Engine/Content/Functions/Engine_MaterialFunctions01/Opacity/CameraDepthFade.uasset" 718
"../../../Engine/Content/EngineMaterials/T_Default_Material_Grid_M.uasset" 719
"../../../Engine/Content/EngineMaterials/T_Default_Material_Grid_N.uasset" 720
"../../../Engine/Content/EngineMaterials/DefaultDeferredDecalMaterial.uasset" 721
"../../../Engine/Content/EngineMaterials/DefaultDiffuse.uasset" 722
"../../../Engine/Content/EngineMaterials/DefaultLightFunctionMaterial.uasset" 723
"../../../Engine/Content/EngineMaterials/DefaultPostProcessMaterial.uasset" 724
"../../../Engine/Content/Functions/Engine_MaterialFunctions02/Utility/BreakOutFloat2Components.uasset" 725
"../../../Engine/Content/EditorResources/S_Trigger.uasset" 726
"../../../Engine/Content/EngineResources/WhiteSquareTexture.uasset" 727
"../../../Engine/Content/EngineResources/GradientTexture0.uasset" 728
"../../../Engine/Content/EngineResources/Black.uasset" 729
"../../../Engine/Content/EditorMaterials/MatineeGroups/MAT_Groups_Float.uasset" 730
"../../../Engine/Content/EditorMaterials/MatineeGroups/MAT_Groups_Director.uasset" 731
"../../../Engine/Content/EditorMaterials/MatineeGroups/MAT_Groups_Event.uasset" 732
"../../../Engine/Content/EditorMaterials/MatineeGroups/MAT_Groups_Anim.uasset" 733
"../../../Engine/Content/EditorMaterials/MatineeGroups/MAT_Groups_Fade.uasset" 734
"../../../Engine/Content/EditorMaterials/MatineeGroups/MAT_Groups_Move.uasset" 735
"../../../Engine/Content/EditorMaterials/MatineeGroups/MAT_Groups_Slomo.uasset" 736
"../../../Engine/Content/EditorMaterials/MatineeGroups/MAT_ColorTrack.uasset" 737
"../../../Engine/Content/EditorMaterials/MAT_Groups_Toggle.uasset" 738
"../../../Engine/Content/EditorMaterials/MatineeGroups/MAT_Groups_AudioMaster.uasset" 739
"../../../Engine/Content/EditorMaterials/MatineeGroups/MAT_Groups_Sound.uasset" 740
"../../../Engine/Content/EditorMaterials/MatineeGroups/MAT_Groups_Vector.uasset" 741
"../../../Engine/Content/EditorMaterials/MAT_Groups_Visibility.uasset" 742
"../../../Engine/Content/EngineResources/DefaultTexture.uasset" 743
"../../../Engine/Content/EngineResources/DefaultTextureCube.uasset" 744
"../../../Engine/Content/EngineSounds/Master.uasset" 745
"../../../Engine/Content/EngineSounds/Music.uasset" 746
"../../../Engine/Content/EngineSounds/SFX.uasset" 747
"../../../Engine/Content/EngineSounds/Normal_Attack.uasset" 748
"../../../Engine/Content/EngineSounds/Special_Attack_PSM.uasset" 749
"../../../Engine/Content/EngineSounds/Duck_Normal_Attack_MixMod.uasset" 750
"../../../Engine/Content/EngineSounds/Voice.uasset" 751
"../../../Engine/Content/EngineMeshes/Cylinder.uasset" 752
"../../../Engine/Content/EngineMaterials/DefaultMaterial.uasset" 753
"../../../Engine/Content/EngineTireTypes/DefaultTireType.uasset" 754
"../../../Engine/Plugins/2D/Paper2D/Content/MaskedUnlitSpriteMaterial.uasset" 755
"../../../Engine/Plugins/2D/Paper2D/Content/DefaultSpriteMaterial.uasset" 756
"../../../Engine/Plugins/2D/Paper2D/Content/DummySpriteTexture.uasset" 757
"../../../Engine/Plugins/2D/Paper2D/Content/OpaqueUnlitSpriteMaterial.uasset" 758
"../../../Engine/Plugins/2D/Paper2D/Content/DefaultPaperTerrainMaterial.uasset" 759
"../../../Engine/Plugins/2D/Paper2D/Content/DummySprite.uasset" 760
"C:/Users/dan/AppData/Local/UnrealEngine/4.5/Saved/Config/Windows/SourceControlSettings.ini" 761
"../../../../../../Users/dan/Documents/Unreal Projects/topdown/Saved/Config/CleanSourceConfigs/SourceControlSettings.ini" 762
"C:/Users/dan/Documents/Unreal Projects/topdown/Saved/Config/Windows/SourceControlSettings.ini" 763
"../../../Engine/Content/EngineMaterials/RemoveSurfaceMaterial.uasset" 764
"../../../Engine/Content/EngineDebugMaterials/DebugMeshMaterial.uasset" 765
"../../../Engine/Content/EngineMaterials/M_InvalidLightmapSettings.uasset" 766
"../../../Engine/Content/EngineMaterials/InvalidLightmapSettings.uasset" 767
"../../../Engine/Content/EditorMaterials/GizmoMaterial.uasset" 768
"../../../Engine/Content/EngineMaterials/Good64x64TilingNoiseHighFreq.uasset" 769
"../../../Engine/Content/EngineMaterials/DefaultBokeh.uasset" 770
"../../../Engine/Content/EngineMaterials/PreintegratedSkinBRDF.uasset" 771
"../../../Engine/Content/EngineMaterials/MiniFont.uasset" 772
"../../../Engine/Content/EngineMaterials/WeightMapPlaceholderTexture.uasset" 773
"../../../Engine/Content/EngineMaterials/DefaultWhiteGrid.uasset" 774
"../../../Engine/Content/EngineMaterials/DefaultPhysicalMaterial.uasset" 775
"../../../Engine/Content/EngineFonts/TinyFont.uasset" 776
"../../../Engine/Content/EngineFonts/SmallFont.uasset" 777
"../../../../../../Users/dan/Documents/Unreal Projects/topdown/Intermediate/CachedAssetRegistry.bin" 778
"../../../../../../Users/dan/Documents/Unreal Projects/topdown/Content/Blueprints/Blueprint_PlayerShip_DefaultPawn.uasset" 779
"../../../../../../Users/dan/Documents/Unreal Projects/topdown/Content/Blueprints/menu.uasset" 780
"../../../../../../Users/dan/Documents/Unreal Projects/topdown/Content/Blueprints/newPlayerController.uasset" 781
"../../../../../../Users/dan/Documents/Unreal Projects/topdown/Content/Blueprints/score.uasset" 782
"../../../../../../Users/dan/Documents/Unreal Projects/topdown/Content/Maps/menuLevel.umap" 783
"../../../../../../Users/dan/Documents/Unreal Projects/topdown/Content/Maps/testLevel.umap" 784
"../../../Engine/Content/MobileResources/HUD/VirtualJoystick_Thumb.uasset" 785
"../../../Engine/Content/MobileResources/HUD/VirtualJoystick_Background.uasset" 786
"../../../Engine/Content/MobileResources/HUD/T_Castle_ThumbstickOutter.uasset" 787
"../../../Engine/Content/MobileResources/HUD/T_Castle_ThumbstickInner.uasset" 788
"../../../Engine/Content/MobileResources/HUD/MobileHUDDirectionStick.uasset" 789
"../../../Engine/Content/MobileResources/HUD/MobileHUDDirectionPad3.uasset" 790
"../../../Engine/Content/MobileResources/HUD/MobileHUDDirectionPad2.uasset" 791
"../../../Engine/Content/MobileResources/HUD/MobileHUDDirectionPad.uasset" 792
"../../../Engine/Content/MobileResources/HUD/MobileHUDButtonFire.uasset" 793
"../../../Engine/Content/MobileResources/HUD/MobileHUDButton3.uasset" 794
"../../../Engine/Content/MobileResources/HUD/MobileHUDButton2_on.uasset" 795
"../../../Engine/Content/MobileResources/HUD/MobileHUDButton2_off.uasset" 796
"../../../Engine/Content/MobileResources/HUD/MobileHUDButton1_on.uasset" 797
"../../../Engine/Content/MobileResources/HUD/MobileHUDButton1_off.uasset" 798
"../../../Engine/Content/MobileResources/HUD/LeftVirtualJoystickOnly.uasset" 799
"../../../Engine/Content/MobileResources/HUD/DefaultVirtualJoysticks.uasset" 800
"../../../Engine/Content/MobileResources/HUD/AnalogHat.uasset" 801
"../../../Engine/Content/MobileResources/T_MobileMenu2.uasset" 802
"../../../Engine/Content/MobileResources/T_MobileControls_texture.uasset" 803
"../../../../../../Users/dan/Documents/Unreal Projects/topdown/Content/Blueprints/NewGameMode.uasset" 804
"../../../../../../Users/dan/Documents/Unreal Projects/topdown/Content/Blueprints/enemyA.uasset" 805
"../../../../../../Users/dan/Documents/Unreal Projects/topdown/Content/Blueprints/laserBeam.uasset" 806
"../../../../../../Users/dan/Documents/Unreal Projects/topdown/Content/Shapes/Shape_NarrowCapsule_Rotated.uasset" 807
"../../../../../../Users/dan/Documents/Unreal Projects/topdown/Content/Materials/m_laserBullet.uasset" 808
"../../../../../../Users/dan/Documents/Unreal Projects/topdown/Content/Shapes/Shape_Cube.uasset" 809
"../../../../../../Users/dan/Documents/Unreal Projects/topdown/Content/Materials/M_Basic_Wall.uasset" 810
"../../../../../../Users/dan/Documents/Unreal Projects/topdown/Content/Props/player.uasset" 811
"../../../../../../Users/dan/Documents/Unreal Projects/topdown/Content/Materials/M_Player_Ship.uasset" 812
"C:/Users/dan/AppData/Local/UnrealEngine/Common/DerivedDataCache/9/8/5/STATICMESH_46A8778361B442A9523C54440EA1E9D_0DB5412B27AB480F844CC7F0BE5ABAFF_08__849E6AA44DD09391942AB037596B0C1D617D96A1.udd" 813
"C:/Users/dan/AppData/Local/UnrealEngine/Common/DerivedDataCache/4/7/5/PHYSX_$7B1F0627AE$2DABEB$2D4206$2D8D78$2DE16BEB5DDC7E$7D_PHYSXPC_554EE4614E68C__7A6E9FD1660C1888384B3960C64E96E1A678A477.udd" 814
"C:/Users/dan/AppData/Local/UnrealEngine/Common/DerivedDataCache/7/8/9/STATICMESH_46A8778361B442A9523C54440EA1E9D_0DB5412B27AB480F844CC7F0BE5ABAFF_BF__F1ECBA1032DEAFB11F77144B1950826F00D21970.udd" 815
"C:/Users/dan/AppData/Local/UnrealEngine/Common/DerivedDataCache/3/2/1/PHYSX_$7B1F0627AE$2DABEB$2D4206$2D8D78$2DE16BEB5DDC7E$7D_PHYSXPC_324045F145C05__A205AFB0345E325C4169D27BBBAB5A2FF5C54335.udd" 816
"C:/Users/dan/AppData/Local/UnrealEngine/Common/DerivedDataCache/6/3/2/PHYSX_$7B1F0627AE$2DABEB$2D4206$2D8D78$2DE16BEB5DDC7E$7D_PHYSXPC_3F90F2324F91E__3118112774042858A614390023C3388409581267.udd" 817
"C:/Users/dan/AppData/Local/UnrealEngine/Common/DerivedDataCache/8/2/2/MATSM_E1C1E89EE9AE4F3CA7B8E0F1C49B34EB_PCD3D_SM5_2__BC5N_BMSIN_DEV_SL_NODBUF03__F7680C27B7732F5F278DE9CF18DF608F2A324C23.udd" 818
"C:/Users/dan/AppData/Local/UnrealEngine/Common/DerivedDataCache/9/0/2/MATSM_E1C1E89EE9AE4F3CA7B8E0F1C49B34EB_PCD3D_SM4_2__BC5N_BMSIN_DEV_SL_NODBUF03__9FB9E028BAB156EB5002C139D2D2A3098A2C2FB5.udd" 819
"C:/Users/dan/AppData/Local/UnrealEngine/Common/DerivedDataCache/4/7/4/MATSM_E1C1E89EE9AE4F3CA7B8E0F1C49B34EB_PCD3D_SM5_2__BC5N_BMSIN_DEV_SL_NODBUF7A__9BEF7004940B2BFFDDF52698ACDDBA257D219AE3.udd" 820
"C:/Users/dan/AppData/Local/UnrealEngine/Common/DerivedDataCache/5/5/7/MATSM_E1C1E89EE9AE4F3CA7B8E0F1C49B34EB_PCD3D_SM4_2__BC5N_BMSIN_DEV_SL_NODBUF7A__AE11D460DA157BC3C3389075EF68DC77E0C11629.udd" 821
"../../../Engine/Content/Maps/Entry.umap" 822
"../../../Engine/Content/EngineMaterials/DefaultNormal.uasset" 823
"../../../../../../Users/dan/Documents/Unreal Projects/topdown/Saved/Autosaves/Game/Maps/UEDPCtestLevel.umap" 824
"../../../../../../Users/dan/Documents/Unreal Projects/topdown/Content/Blueprints/spawner.uasset" 825
"../../../Engine/Content/EngineSky/BP_Sky_Sphere.uasset" 826
"../../../Engine/Content/EditorBlueprintResources/StandardMacros.uasset" 827
"../../../Engine/Content/EngineSky/C_Sky_Cloud_Color.uasset" 828
"../../../Engine/Content/EngineSky/C_Sky_Horizon_Color.uasset" 829
"../../../Engine/Content/EngineSky/C_Sky_Zenith_Color.uasset" 830
"../../../Engine/Content/EngineSky/M_Sky_Panning_Clouds2.uasset" 831
"../../../Engine/Content/EngineSky/T_Sky_Blue.uasset" 832
"../../../Engine/Content/EngineSky/T_Sky_Clouds_M.uasset" 833
"../../../Engine/Content/EngineSky/T_Sky_Stars.uasset" 834
"../../../Engine/Content/EngineSky/SM_SkySphere.uasset" 835
"../../../../../../Users/dan/Documents/Unreal Projects/topdown/Content/Materials/M_Basic_Floor.uasset" 836
"../../../Engine/Content/MapTemplates/SM_Template_Map_Floor.uasset" 837
"C:/Users/dan/AppData/Local/UnrealEngine/Common/DerivedDataCache/7/7/4/TEXTURE_75F87CE100B546AAB8A1C4132AF9DB17_AUTODXT_4A4C90914452DB67DC98138A840BD__19F55E6596A23E8ACA8FBB1563748709CA27A60A.udd" 838
"C:/Users/dan/AppData/Local/UnrealEngine/Common/DerivedDataCache/4/5/0/TEXTURE_75F87CE100B546AAB8A1C4132AF9DB17_AUTODXT_4A4C90914452DB67DC98138A840BD__A5B27510FB90322DA9234AA181EE1D70B88C4A90.udd" 839
"C:/Users/dan/AppData/Local/UnrealEngine/Common/DerivedDataCache/5/2/4/TEXTURE_75F87CE100B546AAB8A1C4132AF9DB17_AUTODXT_C2E48AAE48D5926D91F24C9A14C05__A1B8FCF6C7267FCAD15B87ACC261A85A5D7149A5.udd" 840
"C:/Users/dan/AppData/Local/UnrealEngine/Common/DerivedDataCache/9/5/2/TEXTURE_75F87CE100B546AAB8A1C4132AF9DB17_AUTODXT_EF1AAA5F4A89B051EF614DB8A7173__E1B51B4AC42BD9854AEFDE4C7F9582D37C756A10.udd" 841
"C:/Users/dan/AppData/Local/UnrealEngine/Common/DerivedDataCache/5/4/8/TEXTURE_75F87CE100B546AAB8A1C4132AF9DB17_AUTODXT_EF1AAA5F4A89B051EF614DB8A7173__B98DBC58598E449EEF329341FB19F232306C4CFE.udd" 842
"C:/Users/dan/AppData/Local/UnrealEngine/Common/DerivedDataCache/5/0/3/TEXTURE_75F87CE100B546AAB8A1C4132AF9DB17_AUTODXT_4A4C90914452DB67DC98138A840BD__3835BB60FA97486AB5A5EE7FEDB7CBBAAFC9B949.udd" 843
"C:/Users/dan/AppData/Local/UnrealEngine/Common/DerivedDataCache/5/3/2/TEXTURE_75F87CE100B546AAB8A1C4132AF9DB17_AUTODXT_4A4C90914452DB67DC98138A840BD__0EAEE1A6B7A9044CD87A385EA9BE1C1E85F99169.udd" 844
"C:/Users/dan/AppData/Local/UnrealEngine/Common/DerivedDataCache/8/7/1/TEXTURE_75F87CE100B546AAB8A1C4132AF9DB17_AUTODXT_4A4C90914452DB67DC98138A840BD__35A2A07A31BE83238537F00AAA415FE444BEC081.udd" 845
"C:/Users/dan/AppData/Local/UnrealEngine/Common/DerivedDataCache/6/8/3/TEXTURE_75F87CE100B546AAB8A1C4132AF9DB17_AUTODXT_48463AFA4689E235A7C2399BB332B__6CA07453E2F4F057B6945C6D9D0B40AA772B5549.udd" 846
"C:/Users/dan/AppData/Local/UnrealEngine/Common/DerivedDataCache/9/3/6/TEXTURE_75F87CE100B546AAB8A1C4132AF9DB17_AUTODXT_48463AFA4689E235A7C2399BB332B__1E955878F62C1DBC93DB5CA68053976FB21D4E78.udd" 847
"C:/Users/dan/AppData/Local/UnrealEngine/Common/DerivedDataCache/4/4/7/TEXTURE_75F87CE100B546AAB8A1C4132AF9DB17_AUTODXT_EF1AAA5F4A89B051EF614DB8A7173__EBF154260B70C911334E7DA240D2B0229D4E75FE.udd" 848
"C:/Users/dan/AppData/Local/UnrealEngine/Common/DerivedDataCache/5/6/2/TEXTURE_75F87CE100B546AAB8A1C4132AF9DB17_AUTODXT_C2E48AAE48D5926D91F24C9A14C05__C227E9CFE91F10D3FD91054584CDBEDF5E38B615.udd" 849
"C:/Users/dan/AppData/Local/UnrealEngine/Common/DerivedDataCache/3/8/4/TEXTURE_75F87CE100B546AAB8A1C4132AF9DB17_AUTODXT_48463AFA4689E235A7C2399BB332B__DD886EBE90E5D075279F1651AA0AE9A310841FC1.udd" 850
"C:/Users/dan/AppData/Local/UnrealEngine/Common/DerivedDataCache/9/1/3/TEXTURE_75F87CE100B546AAB8A1C4132AF9DB17_AUTODXT_48463AFA4689E235A7C2399BB332B__A28708AAC3C46BF366968BE0C21CAFD578C7512D.udd" 851
"C:/Users/dan/AppData/Local/UnrealEngine/Common/DerivedDataCache/8/4/0/TEXTURE_75F87CE100B546AAB8A1C4132AF9DB17_AUTODXT_EF1AAA5F4A89B051EF614DB8A7173__2622375A4197508526E085C2442E1E179F99C39E.udd" 852
"C:/Users/dan/AppData/Local/UnrealEngine/Common/DerivedDataCache/3/4/7/TEXTURE_75F87CE100B546AAB8A1C4132AF9DB17_AUTODXT_EF1AAA5F4A89B051EF614DB8A7173__8C11215EF43C165B9925A447FD5C3A8B59D238A5.udd" 853
"C:/Users/dan/AppData/Local/UnrealEngine/Common/DerivedDataCache/2/2/7/TEXTURE_75F87CE100B546AAB8A1C4132AF9DB17_AUTODXT_ADE5FF7C4BECE3865AAFE783D77FA__39FEFDB3F9ED0B46754E5208EEE177D2BAFD2936.udd" 854
"C:/Users/dan/AppData/Local/UnrealEngine/Common/DerivedDataCache/7/8/3/TEXTURE_75F87CE100B546AAB8A1C4132AF9DB17_DXT1_F9838D6B4975E7A59E1EA0A4F68F3713__17E9EA3748356A2CF24FB5900C996E844F309B8C.udd" 855
"C:/Users/dan/AppData/Local/UnrealEngine/Common/DerivedDataCache/9/3/2/TEXTURE_75F87CE100B546AAB8A1C4132AF9DB17_DXT1_4E6F0BDA472B0192FD105CA6CD3D0F24__55DB075813FF3DEA5BADD6CFFC8AC2E9D75076D2.udd" 856
"C:/Users/dan/AppData/Local/UnrealEngine/Common/DerivedDataCache/1/3/7/TEXTURE_75F87CE100B546AAB8A1C4132AF9DB17_AUTODXT_C2E48AAE48D5926D91F24C9A14C05__D4C0122F4C6103A9CF61CE79FB80F66FF7EB80A1.udd" 857
"C:/Users/dan/AppData/Local/UnrealEngine/Common/DerivedDataCache/7/1/1/TEXTURE_75F87CE100B546AAB8A1C4132AF9DB17_AUTODXT_C2E48AAE48D5926D91F24C9A14C05__B3F77785ACACEFA572F4E9671D2041A36D00BD5B.udd" 858
"C:/Users/dan/AppData/Local/UnrealEngine/Common/DerivedDataCache/8/0/2/TEXTURE_75F87CE100B546AAB8A1C4132AF9DB17_DXT1_F542D18743660EF40CE508A953AF8544__5192407D96BF4D386325B0F010AEF43086E9F9E5.udd" 859
"C:/Users/dan/AppData/Local/UnrealEngine/Common/DerivedDataCache/5/5/9/TEXTURE_75F87CE100B546AAB8A1C4132AF9DB17_DXT1_4E6F0BDA472B0192FD105CA6CD3D0F24__10068F687A8778C7280D2E4F521DCFA5F71C70E5.udd" 860
"C:/Users/dan/AppData/Local/UnrealEngine/Common/DerivedDataCache/9/4/7/TEXTURE_75F87CE100B546AAB8A1C4132AF9DB17_DXT1_F9838D6B4975E7A59E1EA0A4F68F3713__C97015C1F795E8081789A23428CAE7DB428CD576.udd" 861
"C:/Users/dan/AppData/Local/UnrealEngine/Common/DerivedDataCache/8/0/7/TEXTURE_75F87CE100B546AAB8A1C4132AF9DB17_DXT1_F542D18743660EF40CE508A953AF8544__88B6B59341D0F20B42E3EBB6D97A11D7BECC2D28.udd" 862
"C:/Users/dan/AppData/Local/UnrealEngine/Common/DerivedDataCache/5/7/4/TEXTURE_75F87CE100B546AAB8A1C4132AF9DB17_DXT1_4E6F0BDA472B0192FD105CA6CD3D0F24__82111BFDF8BAB904D942DE02E5A652E671D68EA3.udd" 863
"C:/Users/dan/AppData/Local/UnrealEngine/Common/DerivedDataCache/2/7/6/TEXTURE_75F87CE100B546AAB8A1C4132AF9DB17_DXT1_F9838D6B4975E7A59E1EA0A4F68F3713__1B3C07F3095B9E756400EEAAB185EB4565A7A564.udd" 864
"C:/Users/dan/AppData/Local/UnrealEngine/Common/DerivedDataCache/0/1/9/TEXTURE_75F87CE100B546AAB8A1C4132AF9DB17_DXT1_F542D18743660EF40CE508A953AF8544__2E3ECF4D13D29E242FF759238F610CF867402A19.udd" 865
"C:/Users/dan/AppData/Local/UnrealEngine/Common/DerivedDataCache/4/2/7/TEXTURE_75F87CE100B546AAB8A1C4132AF9DB17_DXT1_4E6F0BDA472B0192FD105CA6CD3D0F24__519BF2DD170FBBAE52862F30C09BFBB370E0DAD6.udd" 866
"C:/Users/dan/AppData/Local/UnrealEngine/Common/DerivedDataCache/6/1/2/TEXTURE_75F87CE100B546AAB8A1C4132AF9DB17_DXT1_F9838D6B4975E7A59E1EA0A4F68F3713__D6B52AEFDB67ECC5A369244EC6FB7AC0FB2F21D6.udd" 867
"C:/Users/dan/AppData/Local/UnrealEngine/Common/DerivedDataCache/4/2/2/TEXTURE_75F87CE100B546AAB8A1C4132AF9DB17_DXT1_F9838D6B4975E7A59E1EA0A4F68F3713__E7331A30281DCCAA44C9DC5817F8C0D4C721D3F4.udd" 868
"C:/Users/dan/AppData/Local/UnrealEngine/Common/DerivedDataCache/3/2/6/TEXTURE_75F87CE100B546AAB8A1C4132AF9DB17_DXT1_4E6F0BDA472B0192FD105CA6CD3D0F24__72252C3231B92E4CA72009B7C78A6E7CE02212A7.udd" 869
"C:/Users/dan/AppData/Local/UnrealEngine/Common/DerivedDataCache/2/3/1/TEXTURE_75F87CE100B546AAB8A1C4132AF9DB17_DXT1_F542D18743660EF40CE508A953AF8544__92BEE2664D0908E5B6066D59EC44695EC70691C2.udd" 870
"C:/Users/dan/AppData/Local/UnrealEngine/Common/DerivedDataCache/2/5/2/TEXTURE_75F87CE100B546AAB8A1C4132AF9DB17_DXT1_BBACDF2F4484FAA32F43738BC0D47F8F__C828E1F0E86D70FBE0D17A75543F162C841B4876.udd" 871
"C:/Users/dan/AppData/Local/UnrealEngine/Common/DerivedDataCache/9/8/9/TEXTURE_75F87CE100B546AAB8A1C4132AF9DB17_DXT1_2775C1C24299202C533D808D1BDFA4CD__7E761AF3AE954C388216F18B21D9CEB3457006F3.udd" 872
"C:/Users/dan/AppData/Local/UnrealEngine/Common/DerivedDataCache/4/1/3/TEXTURE_75F87CE100B546AAB8A1C4132AF9DB17_BGRA8_9880FD694C9BBF354D34EDB401AC52A__201F7470CB5BF4BE43B6B41056EDCC1064E754AC.udd" 873
"C:/Users/dan/AppData/Local/UnrealEngine/Common/DerivedDataCache/5/7/2/TEXTURE_75F87CE100B546AAB8A1C4132AF9DB17_BGRA8_E71961B846940C57B6AF10A46072C54__985DFF075B131D757305B0CACA6EB0375996E4F3.udd" 874
"C:/Users/dan/AppData/Local/UnrealEngine/Common/DerivedDataCache/0/7/5/TEXTURE_75F87CE100B546AAB8A1C4132AF9DB17_BGRA8_9880FD694C9BBF354D34EDB401AC52A__7E3D56B0AE937A7D461EB4CCE40463DE5BCBED54.udd" 875
"C:/Users/dan/AppData/Local/UnrealEngine/Common/DerivedDataCache/2/7/7/TEXTURE_75F87CE100B546AAB8A1C4132AF9DB17_BGRA8_E71961B846940C57B6AF10A46072C54__D55BADDBD757F7B62640A3A141A954DE037D14B6.udd" 876
"C:/Users/dan/AppData/Local/UnrealEngine/Common/DerivedDataCache/6/9/9/TEXTURE_75F87CE100B546AAB8A1C4132AF9DB17_DXT1_BBACDF2F4484FAA32F43738BC0D47F8F__5E3DE3177C56A512A254CC42F04C54AC39E3423A.udd" 877
"C:/Users/dan/AppData/Local/UnrealEngine/Common/DerivedDataCache/8/2/1/TEXTURE_75F87CE100B546AAB8A1C4132AF9DB17_BGRA8_9880FD694C9BBF354D34EDB401AC52A__2968056CDDBD7A0753D4591A36264E629C57CF4B.udd" 878
"C:/Users/dan/AppData/Local/UnrealEngine/Common/DerivedDataCache/9/2/4/TEXTURE_75F87CE100B546AAB8A1C4132AF9DB17_BGRA8_E71961B846940C57B6AF10A46072C54__B3537BD1B70570A219D359F898B3DBF850A1C17A.udd" 879
"C:/Users/dan/AppData/Local/UnrealEngine/Common/DerivedDataCache/0/7/5/TEXTURE_75F87CE100B546AAB8A1C4132AF9DB17_BGRA8_9880FD694C9BBF354D34EDB401AC52A__A33C8D2BBBB856EFF2C66362DE08481B18B9A06A.udd" 880
"C:/Users/dan/AppData/Local/UnrealEngine/Common/DerivedDataCache/2/3/3/TEXTURE_75F87CE100B546AAB8A1C4132AF9DB17_DXT1_BBACDF2F4484FAA32F43738BC0D47F8F__6FCBD721F174B330A77AA11F73CE05173189B5CC.udd" 881
"C:/Users/dan/AppData/Local/UnrealEngine/Common/DerivedDataCache/3/1/6/TEXTURE_75F87CE100B546AAB8A1C4132AF9DB17_BGRA8_9880FD694C9BBF354D34EDB401AC52A__6F88282F1EBDC0421497A0A9E4309AB327A22221.udd" 882
"C:/Users/dan/AppData/Local/UnrealEngine/Common/DerivedDataCache/6/2/8/TEXTURE_75F87CE100B546AAB8A1C4132AF9DB17_BGRA8_942E6F2F466458F030F11EACA8AC59F__03D216E4BBEA91A705A23A36C03B4ED6BF49828E.udd" 883
"C:/Users/dan/AppData/Local/UnrealEngine/Common/DerivedDataCache/6/1/2/TEXTURE_75F87CE100B546AAB8A1C4132AF9DB17_BGRA8_942E6F2F466458F030F11EACA8AC59F__30CB4A362E91283F5ADBBBEA787D98731139369D.udd" 884
"C:/Users/dan/AppData/Local/UnrealEngine/Common/DerivedDataCache/4/9/9/TEXTURE_75F87CE100B546AAB8A1C4132AF9DB17_BGRA8_E71961B846940C57B6AF10A46072C54__5A9B68C9271DE32430FE16730C7B43D4A9AEB9C0.udd" 885
"C:/Users/dan/AppData/Local/UnrealEngine/Common/DerivedDataCache/6/1/3/TEXTURE_75F87CE100B546AAB8A1C4132AF9DB17_BGRA8_942E6F2F466458F030F11EACA8AC59F__7D345ED84DC12F59E62B50D17E13EE398B3401AC.udd" 886
"C:/Users/dan/AppData/Local/UnrealEngine/Common/DerivedDataCache/3/7/7/TEXTURE_75F87CE100B546AAB8A1C4132AF9DB17_BGRA8_942E6F2F466458F030F11EACA8AC59F__2CAFA85812A3E0D580CCE6B3687D271C9989032B.udd" 887
"C:/Users/dan/AppData/Local/UnrealEngine/Common/DerivedDataCache/2/5/2/TEXTURE_75F87CE100B546AAB8A1C4132AF9DB17_DXT1_BBACDF2F4484FAA32F43738BC0D47F8F__3E6D6491F39CAFF1BDC0AD02AD03297A822B5D19.udd" 888
"C:/Users/dan/AppData/Local/UnrealEngine/Common/DerivedDataCache/2/4/9/TEXTURE_75F87CE100B546AAB8A1C4132AF9DB17_BGRA8_E71961B846940C57B6AF10A46072C54__86645A880D4B27D0BCC544B86C31731CA3379D28.udd" 889
"C:/Users/dan/AppData/Local/UnrealEngine/Common/DerivedDataCache/9/8/6/TEXTURE_75F87CE100B546AAB8A1C4132AF9DB17_BGRA8_36F56AF8407460B0E249FC8A578FA02__8C5AA0CB8A5F200E77B49FDC37F3EC42BA9B11DD.udd" 890
"C:/Users/dan/AppData/Local/UnrealEngine/Common/DerivedDataCache/6/1/6/TEXTURE_75F87CE100B546AAB8A1C4132AF9DB17_BGRA8_F310372144F672203FE79D8E0612D47__F0FA7CEC4463EB74405D8F1BEDB3AAC317BFB875.udd" 891
"C:/Users/dan/AppData/Local/UnrealEngine/Common/DerivedDataCache/3/1/9/TEXTURE_75F87CE100B546AAB8A1C4132AF9DB17_BGRA8_36F56AF8407460B0E249FC8A578FA02__B32206166197F4D2D6D81C9948CDC465DACDD227.udd" 892
"C:/Users/dan/AppData/Local/UnrealEngine/Common/DerivedDataCache/5/2/8/TEXTURE_75F87CE100B546AAB8A1C4132AF9DB17_BGRA8_36F56AF8407460B0E249FC8A578FA02__073A0E5B314AFA094A495811BF2002F982D47F04.udd" 893
"C:/Users/dan/AppData/Local/UnrealEngine/Common/DerivedDataCache/4/8/1/TEXTURE_75F87CE100B546AAB8A1C4132AF9DB17_BGRA8_36F56AF8407460B0E249FC8A578FA02__7F3F6999667605CBEB33C8A86264096ABA63CC96.udd" 894
