Log file open, 09/07/14 00:42:22
LogInit:Display: Running engine without a game
LogInit:Display: Loading recent project file: ../../../../../../Users/dan/Documents/Unreal Projects/topdown/topdown.uproject
LogInit: Version: 4.4.1-2270799+++depot+UE4-Releases+4.4
LogInit: API Version: 2255576
LogInit: Compiled (64-bit): Aug 25 2014 14:19:12
LogInit: Build Configuration: Development
LogInit: Branch Name: ++depot+UE4-Releases+4.4
LogInit: Command line: 
LogInit: Base directory: C:/Program Files/Unreal Engine/4.4/Engine/Binaries/Win64/
LogInit: Rocket: 1
[2014.09.06-23.42.22:759][  0]LogTaskGraph: Started task graph with 3 named threads and 4 total threads.
[2014.09.06-23.42.22:786][  0]LogOnline:Warning: No default platform service specified for OnlineSubsystem
[2014.09.06-23.42.22:791][  0]LogInit: Presizing for 0 objects not considered by GC, pre-allocating 0 bytes.
[2014.09.06-23.42.22:796][  0]LogInit: Object subsystem initialized
[2014.09.06-23.42.22:797][  0]LogInit: Selected Device Profile: [Windows]
[2014.09.06-23.42.22:797][  0]LogInit: Applying CVar settings loaded from the selected device profile: [Windows]
[2014.09.06-23.42.22:801][  0]LogInit: Computer: CALAVERA
[2014.09.06-23.42.22:801][  0]LogInit: User: dan
[2014.09.06-23.42.22:802][  0]LogInit: CPU Page size=4096, Cores=4
[2014.09.06-23.42.22:802][  0]LogInit: High frequency timer resolution =3.222681 MHz
[2014.09.06-23.42.22:802][  0]LogMemory: Memory total: Physical=7.9GB (8GB approx) Virtual=131072.0GB
[2014.09.06-23.42.22:802][  0]LogMemory: Platform Memory Stats for Windows
[2014.09.06-23.42.22:802][  0]LogMemory: Process Physical Memory: 60.00 MB used, 60.11 MB peak
[2014.09.06-23.42.22:802][  0]LogMemory: Process Virtual Memory: 36.05 MB used, 36.17 MB peak
[2014.09.06-23.42.22:802][  0]LogMemory: Physical Memory: 3486.51 MB used, 8074.64 MB total
[2014.09.06-23.42.22:802][  0]LogMemory: Virtual Memory: 268.74 MB used, 134217728.00 MB total
[2014.09.06-23.42.22:821][  0]LogD3D11RHI: Found D3D11 adapter 0: NVIDIA GeForce GTX 660   (Feature Level 11_0)
[2014.09.06-23.42.22:821][  0]LogD3D11RHI: Adapter has 1989MB of dedicated video memory, 0MB of dedicated system memory, and 2048MB of shared system memory, 1 output[s]
[2014.09.06-23.42.22:823][  0]LogD3D11RHI: Found D3D11 adapter 1: Intel(R) HD Graphics 3000 (Feature Level 10_0)
[2014.09.06-23.42.22:823][  0]LogD3D11RHI: Adapter has 32MB of dedicated video memory, 0MB of dedicated system memory, and 1632MB of shared system memory, 0 output[s]
[2014.09.06-23.42.22:824][  0]LogD3D11RHI: Found D3D11 adapter 2: Microsoft Basic Render Driver (Feature Level 11_0)
[2014.09.06-23.42.22:824][  0]LogD3D11RHI: Adapter has 0MB of dedicated video memory, 0MB of dedicated system memory, and 256MB of shared system memory, 0 output[s]
[2014.09.06-23.42.22:824][  0]LogD3D11RHI: Chosen D3D11 Adapter Id = 0
[2014.09.06-23.42.22:827][  0]LogRHI: Texture pool is 1361 MB (70% of 1945 MB)
[2014.09.06-23.42.22:835][  0]LogD3D11RHI: Async texture creation enabled
[2014.09.06-23.42.22:925][  0]LogContentStreaming: Texture pool size is 0.000000MB
[2014.09.06-23.42.24:012][  0]LogTargetPlatformManager:Display: Building Assets For Windows
[2014.09.06-23.42.24:283][  0]LogTargetPlatformManager:Display: Building Assets For Windows
[2014.09.06-23.42.24:309][  0]LogDerivedDataCache:Display: Max Cache Size: 512 MB
[2014.09.06-23.42.24:343][  0]LogDerivedDataCache: Loaded boot cache 0.03s 39MB C:/Users/dan/AppData/Local/UnrealEngine/4.4/DerivedDataCache/Boot.ddc.
[2014.09.06-23.42.24:343][  0]LogDerivedDataCache:Display: Loaded Boot cache: C:/Users/dan/AppData/Local/UnrealEngine/4.4/DerivedDataCache/Boot.ddc
[2014.09.06-23.42.24:343][  0]LogDerivedDataCache: FDerivedDataBackendGraph:  Pak pak cache file ../../../../../../Users/dan/Documents/Unreal Projects/topdown/DerivedDataCache/DDC.ddp not found, will not use a pak cache.
[2014.09.06-23.42.24:343][  0]LogDerivedDataCache: Unable to find inner node Pak for hierarchical cache Hierarchy.
[2014.09.06-23.42.24:357][  0]LogDerivedDataCache:Display: Pak cache opened for reading ../../../Engine/DerivedDataCache/DDC.ddp.
[2014.09.06-23.42.24:369][  0]LogDerivedDataCache: Using Local data cache path C:/Users/dan/AppData/Local/UnrealEngine/4.4/DerivedDataCache: Writable
[2014.09.06-23.42.24:483][  0]LogMeshUtilities: No automatic mesh reduction module available
[2014.09.06-23.42.24:483][  0]LogMeshUtilities: No automatic mesh merging module available
[2014.09.06-23.42.24:737][  0]LogInit: WinSock: version 1.1 (2.2), MaxSocks=32767, MaxUdp=65467
[2014.09.06-23.42.25:268][  0]LogStats:Warning: MetaData mismatch. Did you assign a stat to two groups? New //STATGROUP_Threads//FMonitoredProcess///Thread_fb0_0///////STATCAT_Advanced//// old //STATGROUP_Threads//FMonitoredProcess///Thread_d1c_0///////STATCAT_Advanced////
[2014.09.06-23.42.25:269][  0]UdpMessaging: Initializing bridge on interface 0.0.0.0:0 to multicast group 230.0.0.1:6666.
[2014.09.06-23.42.25:354][  0]SourceControl: Info Source control is disabled
[2014.09.06-23.42.25:354][  0]SourceControl: Info Source control is disabled
[2014.09.06-23.42.25:358][  0]SourceControl: Info Source control is disabled
[2014.09.06-23.42.25:464][  0]BlueprintLog: New page: Editor Load
[2014.09.06-23.42.25:521][  0]LogObj: 21438 objects as part of root set at end of initial load.
[2014.09.06-23.42.25:521][  0]LogUObjectAllocator: 4218656 out of 0 bytes used by permanent object pool.
[2014.09.06-23.42.25:684][  0]LogEngine: Initializing Engine...
[2014.09.06-23.42.25:769][  0]LogInit: XAudio2 using 'Speakers (Sound Blaster X-Fi Xtreme Audio)' : 2 channels at 48 kHz using 16 bits per sample (channel mask 0x3)
[2014.09.06-23.42.25:785][  0]LogInit: FAudioDevice initialized.
[2014.09.06-23.42.25:795][  0]LogAIModule: Creating AISystem for world NewWorld
[2014.09.06-23.42.25:810][  0]LogDerivedDataCache: Saved boot cache 0.01s 39MB C:/Users/dan/AppData/Local/UnrealEngine/4.4/DerivedDataCache/Boot.ddc.
[2014.09.06-23.42.25:816][  0]LogInit: Texture streaming: Enabled
[2014.09.06-23.42.25:836][  0]LogInit: Transaction tracking system initialized
[2014.09.06-23.42.25:904][  0]LogAssetRegistry: FAssetRegistry took 0.0105 seconds to start up
[2014.09.06-23.42.26:215][  0]LogTargetPlatformManager:Display: Building Assets For Windows
[2014.09.06-23.42.26:438][  0]LogTargetPlatformManager:Display: Building Assets For Windows
[2014.09.06-23.42.26:513][  0]LogConsoleResponse:Display: 
[2014.09.06-23.42.26:618][  0]LogStats:Warning: MetaData mismatch. Did you assign a stat to two groups? New //STATGROUP_Threads//FMonitoredProcess///Thread_1368_0///////STATCAT_Advanced//// old //STATGROUP_Threads//FMonitoredProcess///Thread_d1c_0///////STATCAT_Advanced////
[2014.09.06-23.42.26:618][  0]LogStats:Warning: MetaData mismatch. Did you assign a stat to two groups? New //STATGROUP_Threads//FMonitoredProcess///Thread_1620_0///////STATCAT_Advanced//// old //STATGROUP_Threads//FMonitoredProcess///Thread_d1c_0///////STATCAT_Advanced////
[2014.09.06-23.42.26:618][  0]SourceControl: Info Source control is disabled
[2014.09.06-23.42.26:618][  0]Cmd: MAP LOAD FILE="../../../../../../Users/dan/Documents/Unreal Projects/topdown/Content/Maps/testLevel.umap" TEMPLATE=0 SHOWPROGRESS=1
[2014.09.06-23.42.26:618][  0]LightingResults: New page: Lighting Build
[2014.09.06-23.42.26:623][  0]MapCheck: New page: Map Check
[2014.09.06-23.42.26:623][  0]LightingResults: New page: Lighting Build
[2014.09.06-23.42.26:633][  0]LogParticles: Destroying 0 GPU particle simulations for FXSystem 0x00000047FDE587C0
[2014.09.06-23.42.26:766][  0]LogEditorServer: Finished looking for orphan Actors (0.000 secs)
[2014.09.06-23.42.26:766][  0]LogAIModule: Creating AISystem for world testLevel
[2014.09.06-23.42.26:766][  0]Cmd: MAP CHECKDEP
[2014.09.06-23.42.26:766][  0]MapCheck: New page: testLevel - 7 Sep 2014 01:42:26
[2014.09.06-23.42.26:804][  0]MapCheck: Info ========== Map Check: 0 Error(s), 0 Warning(s), [38.046ms] ==========
[2014.09.06-23.42.26:804][  0]LogFileHelpers: Loading map 'testLevel' took 0.186
[2014.09.06-23.42.26:890][  0]LogCollectionManager: Loaded 0 collections in 0.000704 seconds
[2014.09.06-23.42.26:945][  0]LogCrashTracker: Crashtracker disabled due to settings.
[2014.09.06-23.42.26:989][  0]LogLoad: Full Startup: 5.76 seconds (BP compile: 0.05 seconds)
[2014.09.06-23.42.26:999][  0]LogContentBrowser:Verbose: The content browser source was changed by the sources view to '/Game/Blueprints'
[2014.09.06-23.42.27:071][  0]LogRenderer:Warning: Reallocating scene render targets to support 32x32.
[2014.09.06-23.42.27:123][  0]LogRenderer:Warning: Reallocating scene render targets to support 1072x936.
[2014.09.06-23.42.27:213][  1]LogAssetRegistry: Asset discovery search completed in 1.3202 seconds
[2014.09.06-23.42.32:775][650]BlueprintLog: New page: Pre-PIE auto-recompile
[2014.09.06-23.42.32:775][650]LogPlayLevel: [PIE] Compiling testLevel before PIE...
[2014.09.06-23.42.32:840][650]LogPlayLevel: PIE:  Blueprint regeneration took 63 ms (1 blueprints)
[2014.09.06-23.42.32:840][650]PIE: New page: PIE session: testLevel (7 Sep 2014 01:42:32)
[2014.09.06-23.42.32:841][650]LogPlayLevel: PIE: StaticDuplicateObject took: (0.001664s)
[2014.09.06-23.42.32:843][650]LogPlayLevel: PIE: World Init took: (0.001061s)
[2014.09.06-23.42.32:843][650]LogPlayLevel: PIE: Created PIE world by copying editor world from /Game/Maps/testLevel.testLevel to /Game/Maps/UEDPIE_0_testLevel.testLevel (0.003465s)
[2014.09.06-23.42.32:940][650]LogWorld: Game class is 'NewGameMode_C'
[2014.09.06-23.42.32:948][650]LogAIModule: Creating AISystem for world testLevel
[2014.09.06-23.42.32:949][650]LogWorld: Bringing World /Game/Maps/UEDPIE_0_testLevel.testLevel up for play (max tick rate 0) at 2014.09.07-00.42.32
[2014.09.06-23.42.32:949][650]LogWorld: Bringing up level for play took: 0.000981
[2014.09.06-23.42.32:954][650]PIE: Info Play in editor start time for /Game/Maps/UEDPIE_0_testLevel 0.811
[2014.09.06-23.42.33:017][651]LogRenderer:Warning: Reallocating scene render targets to support 1072x944.
[2014.09.06-23.42.45:128][ 93]LogActorComponent: UnregisterComponent: (/Engine/Transient.FloatingPawnMovement_0) Not registered. Aborting.
[2014.09.06-23.42.45:158][ 94]LogParticles: Destroying 0 GPU particle simulations for FXSystem 0x00000047EFF27240
[2014.09.06-23.45.58:354][723]BlueprintLog: New page: Pre-PIE auto-recompile
[2014.09.06-23.45.58:354][723]LogPlayLevel: [PIE] Compiling testLevel before PIE...
[2014.09.06-23.45.58:385][723]LogActorComponent: UnregisterComponent: (/Engine/Transient.FloatingPawnMovement_1) Not registered. Aborting.
[2014.09.06-23.45.58:397][723]LogPlayLevel: PIE:  Blueprint regeneration took 43 ms (1 blueprints)
[2014.09.06-23.45.58:397][723]PIE: New page: PIE session: testLevel (7 Sep 2014 01:45:58)
[2014.09.06-23.45.58:399][723]LogPlayLevel: PIE: StaticDuplicateObject took: (0.001814s)
[2014.09.06-23.45.58:400][723]LogPlayLevel: PIE: World Init took: (0.000569s)
[2014.09.06-23.45.58:400][723]LogPlayLevel: PIE: Created PIE world by copying editor world from /Game/Maps/testLevel.testLevel to /Game/Maps/UEDPIE_0_testLevel.testLevel (0.002516s)
[2014.09.06-23.45.58:432][723]LogWorld: Game class is 'NewGameMode_C'
[2014.09.06-23.45.58:433][723]LogAIModule: Creating AISystem for world testLevel
[2014.09.06-23.45.58:434][723]LogWorld: Bringing World /Game/Maps/UEDPIE_0_testLevel.testLevel up for play (max tick rate 0) at 2014.09.07-00.45.58
[2014.09.06-23.45.58:435][723]LogWorld: Bringing up level for play took: 0.001045
[2014.09.06-23.45.58:435][723]PIE: Info Play in editor start time for /Game/Maps/UEDPIE_0_testLevel 0.292
[2014.09.06-23.46.17:170][952]LogParticles: Destroying 0 GPU particle simulations for FXSystem 0x00000047F5312D40
[2014.09.06-23.51.27:168][560]LogRenderer:Warning: Reallocating scene render targets to support 1336x944.
[2014.09.06-23.52.57:924][994]LogActorComponent: UnregisterComponent: (/Engine/Transient.FloatingPawnMovement_2) Not registered. Aborting.
[2014.09.06-23.52.57:944][994]LogParticles: Destroying 0 GPU particle simulations for FXSystem 0x0000004787442A20
[2014.09.06-23.52.57:944][994]LogParticles: Destroying 0 GPU particle simulations for FXSystem 0x00000047872A3600
[2014.09.06-23.52.57:949][994]LogFileHelpers: Editor autosave (incl. sublevels) for '/Game/Maps/testLevel' took 0.025
[2014.09.06-23.52.57:955][994]OBJ SavePackage: Generating thumbnails for [1] asset(s) in package [/Game/Blueprints/Blueprint_PlayerShip_DefaultPawn] ([1] browsable assets)...
[2014.09.06-23.52.57:979][994]OBJ SavePackage:     Rendered thumbnail for [Blueprint /Game/Blueprints/Blueprint_PlayerShip_DefaultPawn.Blueprint_PlayerShip_DefaultPawn]
[2014.09.06-23.52.57:979][994]OBJ SavePackage: Finished generating thumbnails for package [/Game/Blueprints/Blueprint_PlayerShip_DefaultPawn]
[2014.09.06-23.52.58:321][994]LogSavePackage: Save=319.757050ms
[2014.09.06-23.52.58:322][994]LogSavePackage: Moving '../../../../../../Users/dan/Documents/Unreal Projects/topdown/Saved/Blueprint_PlayerShip_DefaultPawn_Auto10DC6D103428E46103EDFBFAC54287909.tmp' to '../../../../../../Users/dan/Documents/Unreal Projects/topdown/Saved/Autosaves/Game/Blueprints/Blueprint_PlayerShip_DefaultPawn_Auto1.uasset'
[2014.09.06-23.52.58:328][994]LogFileHelpers: Auto-saving content packages took 0.379
[2014.09.06-23.53.06:761][831]BlueprintLog: New page: Pre-PIE auto-recompile
[2014.09.06-23.53.06:761][831]LogPlayLevel: [PIE] Compiling testLevel before PIE...
[2014.09.06-23.53.06:791][831]LogActorComponent: UnregisterComponent: (/Engine/Transient.FloatingPawnMovement_3) Not registered. Aborting.
[2014.09.06-23.53.06:804][831]LogPlayLevel: PIE:  Blueprint regeneration took 43 ms (1 blueprints)
[2014.09.06-23.53.06:804][831]PIE: New page: PIE session: testLevel (7 Sep 2014 01:53:06)
[2014.09.06-23.53.06:806][831]LogPlayLevel: PIE: StaticDuplicateObject took: (0.001801s)
[2014.09.06-23.53.06:807][831]LogPlayLevel: PIE: World Init took: (0.000574s)
[2014.09.06-23.53.06:807][831]LogPlayLevel: PIE: Created PIE world by copying editor world from /Game/Maps/testLevel.testLevel to /Game/Maps/UEDPIE_0_testLevel.testLevel (0.002499s)
[2014.09.06-23.53.06:836][831]LogWorld: Game class is 'NewGameMode_C'
[2014.09.06-23.53.06:838][831]LogAIModule: Creating AISystem for world testLevel
[2014.09.06-23.53.06:838][831]LogWorld: Bringing World /Game/Maps/UEDPIE_0_testLevel.testLevel up for play (max tick rate 0) at 2014.09.07-00.53.06
[2014.09.06-23.53.06:839][831]LogWorld: Bringing up level for play took: 0.001012
[2014.09.06-23.53.06:839][831]PIE: Info Play in editor start time for /Game/Maps/UEDPIE_0_testLevel 0.697
[2014.09.06-23.53.29:284][509]LogParticles: Destroying 0 GPU particle simulations for FXSystem 0x00000047EFA44FE0
[2014.09.06-23.55.16:139][393]BlueprintLog: New page: Pre-PIE auto-recompile
[2014.09.06-23.55.16:139][393]LogPlayLevel: [PIE] Compiling testLevel before PIE...
[2014.09.06-23.55.16:200][393]LogActorComponent: UnregisterComponent: (/Engine/Transient.FloatingPawnMovement_4) Not registered. Aborting.
[2014.09.06-23.55.16:226][393]LogParticles: Destroying 0 GPU particle simulations for FXSystem 0x00000047841DB600
[2014.09.06-23.55.16:226][393]LogParticles: Destroying 0 GPU particle simulations for FXSystem 0x00000047917236A0
[2014.09.06-23.55.16:227][393]LogParticles: Destroying 0 GPU particle simulations for FXSystem 0x00000047F704F600
[2014.09.06-23.55.16:227][393]LogParticles: Destroying 0 GPU particle simulations for FXSystem 0x0000004781D37600
[2014.09.06-23.55.16:228][393]LogParticles: Destroying 0 GPU particle simulations for FXSystem 0x0000004789573600
[2014.09.06-23.55.16:236][393]LogPlayLevel: PIE:  Blueprint regeneration took 96 ms (1 blueprints)
[2014.09.06-23.55.16:236][393]PIE: New page: PIE session: testLevel (7 Sep 2014 01:55:16)
[2014.09.06-23.55.16:238][393]LogPlayLevel: PIE: StaticDuplicateObject took: (0.001887s)
[2014.09.06-23.55.16:238][393]LogPlayLevel: PIE: World Init took: (0.000614s)
[2014.09.06-23.55.16:239][393]LogPlayLevel: PIE: Created PIE world by copying editor world from /Game/Maps/testLevel.testLevel to /Game/Maps/UEDPIE_0_testLevel.testLevel (0.002643s)
[2014.09.06-23.55.16:267][393]LogWorld: Game class is 'NewGameMode_C'
[2014.09.06-23.55.16:269][393]LogAIModule: Creating AISystem for world testLevel
[2014.09.06-23.55.16:270][393]LogWorld: Bringing World /Game/Maps/UEDPIE_0_testLevel.testLevel up for play (max tick rate 0) at 2014.09.07-00.55.16
[2014.09.06-23.55.16:270][393]LogWorld: Bringing up level for play took: 0.001030
[2014.09.06-23.55.16:271][393]PIE: Info Play in editor start time for /Game/Maps/UEDPIE_0_testLevel 0.128
[2014.09.06-23.55.27:415][716]LogParticles: Destroying 0 GPU particle simulations for FXSystem 0x00000047EFA44FE0
[2014.09.06-23.55.35:596][692]BlueprintLog: New page: Pre-PIE auto-recompile
[2014.09.06-23.55.35:596][692]LogPlayLevel: [PIE] Compiling testLevel before PIE...
[2014.09.06-23.55.35:639][692]LogPlayLevel: PIE:  Blueprint regeneration took 42 ms (1 blueprints)
[2014.09.06-23.55.35:639][692]PIE: New page: PIE session: testLevel (7 Sep 2014 01:55:35)
[2014.09.06-23.55.35:640][692]LogPlayLevel: PIE: StaticDuplicateObject took: (0.001729s)
[2014.09.06-23.55.35:641][692]LogPlayLevel: PIE: World Init took: (0.000632s)
[2014.09.06-23.55.35:641][692]LogPlayLevel: PIE: Created PIE world by copying editor world from /Game/Maps/testLevel.testLevel to /Game/Maps/UEDPIE_0_testLevel.testLevel (0.002503s)
[2014.09.06-23.55.35:669][692]LogWorld: Game class is 'NewGameMode_C'
[2014.09.06-23.55.35:671][692]LogAIModule: Creating AISystem for world testLevel
[2014.09.06-23.55.35:671][692]LogWorld: Bringing World /Game/Maps/UEDPIE_0_testLevel.testLevel up for play (max tick rate 0) at 2014.09.07-00.55.35
[2014.09.06-23.55.35:672][692]LogWorld: Bringing up level for play took: 0.000940
[2014.09.06-23.55.35:672][692]PIE: Info Play in editor start time for /Game/Maps/UEDPIE_0_testLevel -0.471
[2014.09.06-23.55.55:209][ 22]LogParticles: Destroying 0 GPU particle simulations for FXSystem 0x0000004781B91B20
[2014.09.06-23.55.58:932][466]LogEditorViewport: Clicking on Actor (context menu): CameraActor (CameraActor18)
[2014.09.06-23.55.59:725][540]LogEditorViewport: Clicking on Actor (LMB): CameraActor (CameraActor18)
[2014.09.06-23.56.01:374][690]Cmd: SELECT NONE
[2014.09.06-23.56.02:096][768]BlueprintLog: New page: Pre-PIE auto-recompile
[2014.09.06-23.56.02:096][768]LogPlayLevel: [PIE] Compiling testLevel before PIE...
[2014.09.06-23.56.02:126][768]LogActorComponent: UnregisterComponent: (/Engine/Transient.FloatingPawnMovement_5) Not registered. Aborting.
[2014.09.06-23.56.02:138][768]LogPlayLevel: PIE:  Blueprint regeneration took 42 ms (1 blueprints)
[2014.09.06-23.56.02:139][768]PIE: New page: PIE session: testLevel (7 Sep 2014 01:56:02)
[2014.09.06-23.56.02:140][768]LogPlayLevel: PIE: StaticDuplicateObject took: (0.001646s)
[2014.09.06-23.56.02:141][768]LogPlayLevel: PIE: World Init took: (0.000923s)
[2014.09.06-23.56.02:142][768]LogPlayLevel: PIE: Created PIE world by copying editor world from /Game/Maps/testLevel.testLevel to /Game/Maps/UEDPIE_0_testLevel.testLevel (0.002729s)
[2014.09.06-23.56.02:172][768]LogWorld: Game class is 'NewGameMode_C'
[2014.09.06-23.56.02:174][768]LogAIModule: Creating AISystem for world testLevel
[2014.09.06-23.56.02:174][768]LogWorld: Bringing World /Game/Maps/UEDPIE_0_testLevel.testLevel up for play (max tick rate 0) at 2014.09.07-00.56.02
[2014.09.06-23.56.02:175][768]LogWorld: Bringing up level for play took: 0.000892
[2014.09.06-23.56.02:175][768]PIE: Info Play in editor start time for /Game/Maps/UEDPIE_0_testLevel 0.032
[2014.09.06-23.56.07:371][378]LogParticles: Destroying 0 GPU particle simulations for FXSystem 0x00000047F704C860
[2014.09.06-23.56.15:945][278]LogSlate:Warning: GetFontFace failed to load or process 'Roboto-Regular'
[2014.09.06-23.56.15:945][278]LogSlate:Warning: GetFontFace failed to load or process 'Roboto-Regular'
[2014.09.06-23.56.15:956][278]LogSlate:Warning: GetFontFace failed to load or process 'Roboto-Regular'
[2014.09.06-23.56.15:956][278]LogSlate:Warning: GetFontFace failed to load or process 'Roboto-Regular'
[2014.09.06-23.56.15:956][278]LogSlate:Warning: GetFontFace failed to load or process 'Roboto-Regular'
[2014.09.06-23.56.15:956][278]LogSlate:Warning: GetFontFace failed to load or process 'Roboto-Regular'
[2014.09.06-23.56.15:957][278]LogSlate:Warning: GetFontFace failed to load or process 'Roboto-Regular'
[2014.09.06-23.56.15:957][278]LogSlate:Warning: GetFontFace failed to load or process 'Roboto-Regular'
[2014.09.06-23.56.15:957][278]LogSlate:Warning: GetFontFace failed to load or process 'Roboto-Regular'
[2014.09.06-23.56.15:957][278]LogSlate:Warning: GetFontFace failed to load or process 'Roboto-Regular'
[2014.09.06-23.56.15:957][278]LogSlate:Warning: GetFontFace failed to load or process 'Roboto-Regular'
[2014.09.06-23.56.15:957][278]LogSlate:Warning: GetFontFace failed to load or process 'Roboto-Regular'
[2014.09.06-23.56.15:957][278]LogSlate:Warning: GetFontFace failed to load or process 'Roboto-Regular'
[2014.09.06-23.56.15:957][278]LogSlate:Warning: GetFontFace failed to load or process 'Roboto-Regular'
[2014.09.06-23.56.15:957][278]LogSlate:Warning: GetFontFace failed to load or process 'Roboto-Regular'
[2014.09.06-23.56.15:957][278]LogSlate:Warning: GetFontFace failed to load or process 'Roboto-Regular'
[2014.09.06-23.56.15:957][278]LogSlate:Warning: GetFontFace failed to load or process 'Roboto-Regular'
[2014.09.06-23.56.15:957][278]LogSlate:Warning: GetFontFace failed to load or process 'Roboto-Regular'
[2014.09.07-00.03.57:068][643]LogActorComponent: UnregisterComponent: (/Engine/Transient.FloatingPawnMovement_6) Not registered. Aborting.
[2014.09.07-00.03.57:094][643]LogFileHelpers: Editor autosave (incl. sublevels) for '/Game/Maps/testLevel' took 0.025
[2014.09.07-00.03.57:103][643]OBJ SavePackage: Generating thumbnails for [0] asset(s) in package [/Game/Blueprints/Blueprint_PlayerShip_DefaultPawn] ([1] browsable assets)...
[2014.09.07-00.03.57:126][643]OBJ SavePackage: Finished generating thumbnails for package [/Game/Blueprints/Blueprint_PlayerShip_DefaultPawn]
[2014.09.07-00.03.57:181][643]LogSavePackage: Save=31.580849ms
[2014.09.07-00.03.57:181][643]LogSavePackage: Moving '../../../../../../Users/dan/Documents/Unreal Projects/topdown/Saved/Blueprint_PlayerShip_DefaultPawn_Auto28283D7E04DC0E15D953A8D8C12DDC4D1.tmp' to '../../../../../../Users/dan/Documents/Unreal Projects/topdown/Saved/Autosaves/Game/Blueprints/Blueprint_PlayerShip_DefaultPawn_Auto2.uasset'
[2014.09.07-00.03.57:189][643]LogFileHelpers: Auto-saving content packages took 0.095
[2014.09.07-00.06.20:742][ 43]LogSlate:Warning: GetFontFace failed to load or process 'Roboto-Regular'
[2014.09.07-00.06.20:742][ 43]LogSlate:Warning: GetFontFace failed to load or process 'Roboto-Regular'
[2014.09.07-00.06.20:743][ 43]LogSlate:Warning: GetFontFace failed to load or process 'Roboto-Regular'
[2014.09.07-00.06.20:743][ 43]LogSlate:Warning: GetFontFace failed to load or process 'Roboto-Regular'
[2014.09.07-00.06.20:743][ 43]LogSlate:Warning: GetFontFace failed to load or process 'Roboto-Regular'
[2014.09.07-00.06.20:743][ 43]LogSlate:Warning: GetFontFace failed to load or process 'Roboto-Regular'
[2014.09.07-00.06.20:743][ 43]LogSlate:Warning: GetFontFace failed to load or process 'Roboto-Regular'
[2014.09.07-00.13.57:296][603]LogActorComponent: UnregisterComponent: (/Engine/Transient.FloatingPawnMovement_7) Not registered. Aborting.
[2014.09.07-00.13.57:313][603]LogFileHelpers: Editor autosave (incl. sublevels) for '/Game/Maps/testLevel' took 0.017
[2014.09.07-00.13.57:321][603]OBJ SavePackage: Generating thumbnails for [1] asset(s) in package [/Game/Blueprints/Blueprint_PlayerShip_DefaultPawn] ([1] browsable assets)...
[2014.09.07-00.13.57:352][603]OBJ SavePackage:     Rendered thumbnail for [Blueprint /Game/Blueprints/Blueprint_PlayerShip_DefaultPawn.Blueprint_PlayerShip_DefaultPawn]
[2014.09.07-00.13.57:352][603]OBJ SavePackage: Finished generating thumbnails for package [/Game/Blueprints/Blueprint_PlayerShip_DefaultPawn]
[2014.09.07-00.13.57:692][603]LogSavePackage: Save=319.985138ms
[2014.09.07-00.13.57:692][603]LogSavePackage: Moving '../../../../../../Users/dan/Documents/Unreal Projects/topdown/Saved/Blueprint_PlayerShip_DefaultPawn_Auto324AE074043A8280A36B17D8692653EE0.tmp' to '../../../../../../Users/dan/Documents/Unreal Projects/topdown/Saved/Autosaves/Game/Blueprints/Blueprint_PlayerShip_DefaultPawn_Auto3.uasset'
[2014.09.07-00.13.57:700][603]LogFileHelpers: Auto-saving content packages took 0.387
[2014.09.07-00.14.27:997][246]LogActorComponent: UnregisterComponent: (/Engine/Transient.FloatingPawnMovement_8) Not registered. Aborting.
[2014.09.07-00.14.31:276][492]BlueprintLog: New page: Compile Blueprint_PlayerShip_DefaultPawn
[2014.09.07-00.14.31:351][492]LogActorComponent: UnregisterComponent: (/Engine/Transient.FloatingPawnMovement_9) Not registered. Aborting.
[2014.09.07-00.14.31:385][492]BlueprintEditorCompileResults: Info [1930.09] Compile of Blueprint_PlayerShip_DefaultPawn successful! [in 29 ms]
[2014.09.07-00.14.33:426][697]BlueprintLog: New page: Pre-PIE auto-recompile
[2014.09.07-00.14.33:426][697]LogPlayLevel: [PIE] Compiling testLevel before PIE...
[2014.09.07-00.14.33:457][697]LogActorComponent: UnregisterComponent: (/Engine/Transient.FloatingPawnMovement_10) Not registered. Aborting.
[2014.09.07-00.14.33:471][697]LogPlayLevel: PIE:  Blueprint regeneration took 45 ms (1 blueprints)
[2014.09.07-00.14.33:471][697]PIE: New page: PIE session: testLevel (7 Sep 2014 02:14:33)
[2014.09.07-00.14.33:473][697]LogPlayLevel: PIE: StaticDuplicateObject took: (0.002073s)
[2014.09.07-00.14.33:474][697]LogPlayLevel: PIE: World Init took: (0.000888s)
[2014.09.07-00.14.33:474][697]LogPlayLevel: PIE: Created PIE world by copying editor world from /Game/Maps/testLevel.testLevel to /Game/Maps/UEDPIE_0_testLevel.testLevel (0.003115s)
[2014.09.07-00.14.33:502][697]LogWorld: Game class is 'NewGameMode_C'
[2014.09.07-00.14.33:504][697]LogAIModule: Creating AISystem for world testLevel
[2014.09.07-00.14.33:504][697]LogWorld: Bringing World /Game/Maps/UEDPIE_0_testLevel.testLevel up for play (max tick rate 0) at 2014.09.07-01.14.33
[2014.09.07-00.14.33:505][697]LogWorld: Bringing up level for play took: 0.000930
[2014.09.07-00.14.33:505][697]PIE: Info Play in editor start time for /Game/Maps/UEDPIE_0_testLevel -0.638
[2014.09.07-00.14.39:012][344]LogParticles: Destroying 0 GPU particle simulations for FXSystem 0x0000004781A2B600
[2014.09.07-00.14.39:025][345]LogParticles: Destroying 0 GPU particle simulations for FXSystem 0x00000047F7324720
[2014.09.07-00.15.24:862][803]LogActorComponent: UnregisterComponent: (/Engine/Transient.FloatingPawnMovement_11) Not registered. Aborting.
[2014.09.07-00.15.30:376][257]LogActorComponent: UnregisterComponent: (/Engine/Transient.FloatingPawnMovement_12) Not registered. Aborting.
[2014.09.07-00.15.31:747][361]BlueprintLog: New page: Compile Blueprint_PlayerShip_DefaultPawn
[2014.09.07-00.15.31:828][361]LogActorComponent: UnregisterComponent: (/Engine/Transient.FloatingPawnMovement_13) Not registered. Aborting.
[2014.09.07-00.15.31:867][361]BlueprintEditorCompileResults: Info [1990.56] Compile of Blueprint_PlayerShip_DefaultPawn successful! [in 28 ms]
[2014.09.07-00.15.34:458][600]BlueprintLog: New page: Pre-PIE auto-recompile
[2014.09.07-00.15.34:459][600]LogPlayLevel: [PIE] Compiling testLevel before PIE...
[2014.09.07-00.15.34:490][600]LogActorComponent: UnregisterComponent: (/Engine/Transient.FloatingPawnMovement_14) Not registered. Aborting.
[2014.09.07-00.15.34:503][600]LogPlayLevel: PIE:  Blueprint regeneration took 44 ms (1 blueprints)
[2014.09.07-00.15.34:503][600]PIE: New page: PIE session: testLevel (7 Sep 2014 02:15:34)
[2014.09.07-00.15.34:505][600]LogPlayLevel: PIE: StaticDuplicateObject took: (0.001808s)
[2014.09.07-00.15.34:506][600]LogPlayLevel: PIE: World Init took: (0.001096s)
[2014.09.07-00.15.34:506][600]LogPlayLevel: PIE: Created PIE world by copying editor world from /Game/Maps/testLevel.testLevel to /Game/Maps/UEDPIE_0_testLevel.testLevel (0.003050s)
[2014.09.07-00.15.34:532][600]LogWorld: Game class is 'NewGameMode_C'
[2014.09.07-00.15.34:534][600]LogAIModule: Creating AISystem for world testLevel
[2014.09.07-00.15.34:534][600]LogWorld: Bringing World /Game/Maps/UEDPIE_0_testLevel.testLevel up for play (max tick rate 0) at 2014.09.07-01.15.34
[2014.09.07-00.15.34:535][600]LogWorld: Bringing up level for play took: 0.000908
[2014.09.07-00.15.34:535][600]PIE: Info Play in editor start time for /Game/Maps/UEDPIE_0_testLevel 0.393
[2014.09.07-00.15.37:410][932]LogParticles: Destroying 0 GPU particle simulations for FXSystem 0x00000047F7393600
[2014.09.07-00.15.37:423][933]LogParticles: Destroying 0 GPU particle simulations for FXSystem 0x0000004781A814E0
[2014.09.07-00.16.12:083][815]LogActorComponent: UnregisterComponent: (/Engine/Transient.FloatingPawnMovement_15) Not registered. Aborting.
[2014.09.07-00.24.07:237][540]LogActorComponent: UnregisterComponent: (/Engine/Transient.FloatingPawnMovement_16) Not registered. Aborting.
[2014.09.07-00.24.07:261][540]LogFileHelpers: Editor autosave (incl. sublevels) for '/Game/Maps/testLevel' took 0.024
[2014.09.07-00.24.07:270][540]OBJ SavePackage: Generating thumbnails for [1] asset(s) in package [/Game/Blueprints/Blueprint_PlayerShip_DefaultPawn] ([1] browsable assets)...
[2014.09.07-00.24.07:294][540]OBJ SavePackage:     Rendered thumbnail for [Blueprint /Game/Blueprints/Blueprint_PlayerShip_DefaultPawn.Blueprint_PlayerShip_DefaultPawn]
[2014.09.07-00.24.07:294][540]OBJ SavePackage: Finished generating thumbnails for package [/Game/Blueprints/Blueprint_PlayerShip_DefaultPawn]
[2014.09.07-00.24.07:645][540]LogSavePackage: Save=330.506805ms
[2014.09.07-00.24.07:645][540]LogSavePackage: Moving '../../../../../../Users/dan/Documents/Unreal Projects/topdown/Saved/Blueprint_PlayerShip_DefaultPawn_Auto4EE5781B84CF13B677B884EAE494759FE.tmp' to '../../../../../../Users/dan/Documents/Unreal Projects/topdown/Saved/Autosaves/Game/Blueprints/Blueprint_PlayerShip_DefaultPawn_Auto4.uasset'
[2014.09.07-00.24.07:652][540]LogFileHelpers: Auto-saving content packages took 0.392
[2014.09.07-01.04.42:738][255]LogActorComponent: UnregisterComponent: (/Engine/Transient.FloatingPawnMovement_17) Not registered. Aborting.
[2014.09.07-01.04.42:752][255]LogParticles: Destroying 0 GPU particle simulations for FXSystem 0x000000479421B600
[2014.09.07-01.04.44:878][256]Cmd: QUIT_EDITOR
[2014.09.07-01.04.44:985][256]LogWindowsTextInputMethodSystem:Error: Terminating failed while unadvising the language notification sink from the TSF source.
[2014.09.07-01.04.44:986][256]LogExit: Preparing to exit.
[2014.09.07-01.04.45:853][256]LogExit: Editor shut down
[2014.09.07-01.04.45:854][256]LogExit: Transaction tracking system shut down
[2014.09.07-01.04.45:854][256]LogParticles: Destroying 0 GPU particle simulations for FXSystem 0x00000047FB2E3EC0
[2014.09.07-01.04.45:855][256]LogParticles: Destroying 0 GPU particle simulations for FXSystem 0x00000047FB2E0400
[2014.09.07-01.04.45:855][256]LogParticles: Destroying 0 GPU particle simulations for FXSystem 0x0000004781051F80
[2014.09.07-01.04.45:874][256]LogParticles: Destroying 0 GPU particle simulations for FXSystem 0x000000478762C540
[2014.09.07-01.04.45:874][256]LogExit: Object subsystem successfully closed.
[2014.09.07-01.04.45:900][256]LogModuleManager: Shutting down and abandoning module ExternalImagePicker (162)
[2014.09.07-01.04.45:900][256]LogModuleManager: Shutting down and abandoning module AndroidDeviceDetection (161)
[2014.09.07-01.04.45:900][256]LogModuleManager: Shutting down and abandoning module HTTP (160)
[2014.09.07-01.04.45:900][256]LogModuleManager: Shutting down and abandoning module CrashTracker (159)
[2014.09.07-01.04.45:900][256]LogModuleManager: Shutting down and abandoning module SuperSearch (158)
[2014.09.07-01.04.45:900][256]LogModuleManager: Shutting down and abandoning module SceneOutliner (157)
[2014.09.07-01.04.45:900][256]LogModuleManager: Shutting down and abandoning module EditorWidgets (156)
[2014.09.07-01.04.45:900][256]LogModuleManager: Shutting down and abandoning module CollectionManager (155)
[2014.09.07-01.04.45:900][256]LogModuleManager: Shutting down and abandoning module StatsViewer (154)
[2014.09.07-01.04.45:900][256]LogModuleManager: Shutting down and abandoning module FoliageEdit (153)
[2014.09.07-01.04.45:900][256]LogModuleManager: Shutting down and abandoning module LandscapeEditor (152)
[2014.09.07-01.04.45:901][256]LogModuleManager: Shutting down and abandoning module MeshPaint (151)
[2014.09.07-01.04.45:901][256]LogModuleManager: Shutting down and abandoning module ActorPickerMode (150)
[2014.09.07-01.04.45:901][256]LogModuleManager: Shutting down and abandoning module GeometryMode (149)
[2014.09.07-01.04.45:901][256]LogModuleManager: Shutting down and abandoning module TextureAlignMode (148)
[2014.09.07-01.04.45:901][256]LogModuleManager: Shutting down and abandoning module BspMode (147)
[2014.09.07-01.04.45:901][256]LogModuleManager: Shutting down and abandoning module PlacementMode (146)
[2014.09.07-01.04.45:901][256]LogModuleManager: Shutting down and abandoning module DesktopPlatform (145)
[2014.09.07-01.04.45:901][256]LogModuleManager: Shutting down and abandoning module AutomationWorker (144)
[2014.09.07-01.04.45:901][256]LogModuleManager: Shutting down and abandoning module EditorLiveStreaming (143)
[2014.09.07-01.04.45:901][256]LogModuleManager: Shutting down and abandoning module BehaviorTreeEditor (142)
[2014.09.07-01.04.45:901][256]LogModuleManager: Shutting down and abandoning module DeviceProfileEditor (141)
[2014.09.07-01.04.45:901][256]LogModuleManager: Shutting down and abandoning module UndoHistory (140)
[2014.09.07-01.04.45:901][256]LogModuleManager: Shutting down and abandoning module GameplayTagsEditor (139)
[2014.09.07-01.04.45:901][256]LogModuleManager: Shutting down and abandoning module UserFeedback (138)
[2014.09.07-01.04.45:901][256]LogModuleManager: Shutting down and abandoning module XmlParser (137)
[2014.09.07-01.04.45:901][256]LogModuleManager: Shutting down and abandoning module Blutility (136)
[2014.09.07-01.04.45:901][256]LogModuleManager: Shutting down and abandoning module IOSPlatformEditor (135)
[2014.09.07-01.04.45:901][256]LogModuleManager: Shutting down and abandoning module IOSRuntimeSettings (134)
[2014.09.07-01.04.45:901][256]LogModuleManager: Shutting down and abandoning module AndroidPlatformEditor (133)
[2014.09.07-01.04.45:901][256]LogModuleManager: Shutting down and abandoning module AndroidRuntimeSettings (132)
[2014.09.07-01.04.45:901][256]LogModuleManager: Shutting down and abandoning module ProjectTargetPlatformEditor (131)
[2014.09.07-01.04.45:901][256]LogModuleManager: Shutting down and abandoning module ProjectSettingsViewer (130)
[2014.09.07-01.04.45:901][256]LogModuleManager: Shutting down and abandoning module InputBindingEditor (129)
[2014.09.07-01.04.45:901][256]LogModuleManager: Shutting down and abandoning module EditorSettingsViewer (128)
[2014.09.07-01.04.45:901][256]LogModuleManager: Shutting down and abandoning module SettingsEditor (127)
[2014.09.07-01.04.45:901][256]LogModuleManager: Shutting down and abandoning module SessionLauncher (126)
[2014.09.07-01.04.45:901][256]LogModuleManager: Shutting down and abandoning module SessionFrontend (125)
[2014.09.07-01.04.45:901][256]LogModuleManager: Shutting down and abandoning module ProfilerClient (124)
[2014.09.07-01.04.45:901][256]LogModuleManager: Shutting down and abandoning module TargetDeviceServices (123)
[2014.09.07-01.04.45:901][256]LogModuleManager: Shutting down and abandoning module DeviceManager (122)
[2014.09.07-01.04.45:901][256]LogModuleManager: Shutting down and abandoning module AutomationController (121)
[2014.09.07-01.04.45:901][256]LogModuleManager: Shutting down and abandoning module AutomationWindow (120)
[2014.09.07-01.04.45:901][256]LogModuleManager: Shutting down and abandoning module Layers (119)
[2014.09.07-01.04.45:901][256]LogModuleManager: Shutting down and abandoning module ComponentVisualizers (118)
[2014.09.07-01.04.45:901][256]LogModuleManager: Shutting down and abandoning module DetailCustomizations (117)
[2014.09.07-01.04.45:901][256]LogModuleManager: Shutting down and abandoning module PackagesDialog (116)
[2014.09.07-01.04.45:901][256]LogModuleManager: Shutting down and abandoning module DirectoryWatcher (115)
[2014.09.07-01.04.45:902][256]LogModuleManager: Shutting down and abandoning module AssetRegistry (114)
[2014.09.07-01.04.46:006][256]LogModuleManager: Shutting down and abandoning module Persona (113)
[2014.09.07-01.04.46:006][256]LogModuleManager: Shutting down and abandoning module GraphEditor (112)
[2014.09.07-01.04.46:006][256]LogModuleManager: Shutting down and abandoning module ClassViewer (111)
[2014.09.07-01.04.46:006][256]LogModuleManager: Shutting down and abandoning module Toolbox (110)
[2014.09.07-01.04.46:006][256]LogModuleManager: Shutting down and abandoning module ModuleUI (109)
[2014.09.07-01.04.46:006][256]LogModuleManager: Shutting down and abandoning module Sequencer (108)
[2014.09.07-01.04.46:006][256]LogModuleManager: Shutting down and abandoning module MovieSceneTools (107)
[2014.09.07-01.04.46:006][256]LogModuleManager: Shutting down and abandoning module OutputLog (106)
[2014.09.07-01.04.46:006][256]LogModuleManager: Shutting down and abandoning module GammaUI (105)
[2014.09.07-01.04.46:006][256]LogModuleManager: Shutting down and abandoning module Documentation (104)
[2014.09.07-01.04.46:006][256]LogModuleManager: Shutting down and abandoning module GameLiveStreaming (103)
[2014.09.07-01.04.46:006][256]LogModuleManager: Shutting down and abandoning module StreamingPauseRendering (102)
[2014.09.07-01.04.46:006][256]LogModuleManager: Shutting down and abandoning module AnalyticsET (101)
[2014.09.07-01.04.46:006][256]LogModuleManager: Shutting down and abandoning module Analytics (100)
[2014.09.07-01.04.46:006][256]LogModuleManager: Shutting down and abandoning module GameplayDebugger (99)
[2014.09.07-01.04.46:006][256]LogModuleManager: Shutting down and abandoning module AIModule (98)
[2014.09.07-01.04.46:006][256]LogModuleManager: Shutting down and abandoning module ProfilerService (97)
[2014.09.07-01.04.46:194][256]LogModuleManager: Shutting down and abandoning module TaskGraph (96)
[2014.09.07-01.04.46:194][256]LogModuleManager: Shutting down and abandoning module SlateRemote (95)
[2014.09.07-01.04.46:194][256]LogModuleManager: Shutting down and abandoning module ScriptEditorPlugin (94)
[2014.09.07-01.04.46:194][256]LogModuleManager: Shutting down and abandoning module CustomMeshComponent (93)
[2014.09.07-01.04.46:194][256]LogModuleManager: Shutting down and abandoning module CableComponent (92)
[2014.09.07-01.04.46:194][256]LogModuleManager: Shutting down and abandoning module MessagingDebugger (91)
[2014.09.07-01.04.46:194][256]LogModuleManager: Shutting down and abandoning module ViewportSnapping (90)
[2014.09.07-01.04.46:194][256]LogModuleManager: Shutting down and abandoning module SmartSnapping (89)
[2014.09.07-01.04.46:194][256]LogModuleManager: Shutting down and abandoning module PaperTiledImporter (88)
[2014.09.07-01.04.46:194][256]LogModuleManager: Shutting down and abandoning module PaperJsonImporter (87)
[2014.09.07-01.04.46:194][256]LogModuleManager: Shutting down and abandoning module GameProjectGeneration (86)
[2014.09.07-01.04.46:194][256]LogModuleManager: Shutting down and abandoning module Matinee (85)
[2014.09.07-01.04.46:194][256]LogModuleManager: Shutting down and abandoning module Kismet (84)
[2014.09.07-01.04.46:194][256]LogModuleManager: Shutting down and abandoning module SlateReflector (83)
[2014.09.07-01.04.46:194][256]LogModuleManager: Shutting down and abandoning module LevelEditor (82)
[2014.09.07-01.04.46:195][256]LogModuleManager: Shutting down and abandoning module IntroTutorials (81)
[2014.09.07-01.04.46:195][256]LogModuleManager: Shutting down and abandoning module ContentBrowser (80)
[2014.09.07-01.04.46:195][256]LogModuleManager: Shutting down and abandoning module PropertyEditor (79)
[2014.09.07-01.04.46:195][256]LogModuleManager: Shutting down and abandoning module AssetTools (78)
[2014.09.07-01.04.46:195][256]LogModuleManager: Shutting down and abandoning module Paper2DEditor (77)
[2014.09.07-01.04.46:195][256]LogModuleManager: Shutting down and abandoning module SpeedTreeImporter (76)
[2014.09.07-01.04.46:195][256]LogModuleManager: Shutting down and abandoning module PluginsEditor (75)
[2014.09.07-01.04.46:195][256]LogModuleManager: Shutting down and abandoning module MainFrame (74)
[2014.09.07-01.04.46:195][256]LogModuleManager: Shutting down and abandoning module EpicSurvey (73)
[2014.09.07-01.04.46:195][256]LogModuleManager: Shutting down and abandoning module VisualStudioSourceCodeAccess (72)
[2014.09.07-01.04.46:195][256]LogModuleManager: Shutting down and abandoning module UObjectPlugin (71)
[2014.09.07-01.04.46:195][256]LogModuleManager: Shutting down and abandoning module SubversionSourceControl (70)
[2014.09.07-01.04.46:195][256]LogModuleManager: Shutting down and abandoning module SourceControl (69)
[2014.09.07-01.04.46:195][256]LogModuleManager: Shutting down and abandoning module PerforceSourceControl (68)
[2014.09.07-01.04.46:195][256]LogModuleManager: Shutting down and abandoning module BlankPlugin (67)
[2014.09.07-01.04.46:195][256]LogModuleManager: Shutting down and abandoning module ScriptPlugin (66)
[2014.09.07-01.04.46:195][256]LogModuleManager: Shutting down and abandoning module UdpMessaging (65)
[2014.09.07-01.04.46:296][256]LogModuleManager: Shutting down and abandoning module Paper2D (64)
[2014.09.07-01.04.46:296][256]LogModuleManager: Shutting down and abandoning module WindowsMoviePlayer (63)
[2014.09.07-01.04.46:298][256]LogModuleManager: Shutting down and abandoning module ImageWrapper (62)
[2014.09.07-01.04.46:298][256]LogModuleManager: Shutting down and abandoning module OnlineBlueprintSupport (61)
[2014.09.07-01.04.46:298][256]LogModuleManager: Shutting down and abandoning module FunctionalTesting (60)
[2014.09.07-01.04.46:298][256]LogModuleManager: Shutting down and abandoning module CollisionAnalyzer (59)
[2014.09.07-01.04.46:298][256]LogModuleManager: Shutting down and abandoning module WorkspaceMenuStructure (58)
[2014.09.07-01.04.46:298][256]LogModuleManager: Shutting down and abandoning module MessageLog (57)
[2014.09.07-01.04.46:298][256]LogModuleManager: Shutting down and abandoning module UMGEditor (56)
[2014.09.07-01.04.46:298][256]LogModuleManager: Shutting down and abandoning module UMG (55)
[2014.09.07-01.04.46:298][256]LogModuleManager: Shutting down and abandoning module Slate (54)
[2014.09.07-01.04.46:298][256]LogModuleManager: Shutting down and abandoning module EditorStyle (53)
[2014.09.07-01.04.46:299][256]LogModuleManager: Shutting down and abandoning module SessionServices (52)
[2014.09.07-01.04.46:299][256]LogModuleManager: Shutting down and abandoning module SourceCodeAccess (51)
[2014.09.07-01.04.46:299][256]LogModuleManager: Shutting down and abandoning module HeadMountedDisplay (50)
[2014.09.07-01.04.46:299][256]LogModuleManager: Shutting down and abandoning module XAudio2 (49)
[2014.09.07-01.04.46:299][256]LogModuleManager: Shutting down and abandoning module Networking (47)
[2014.09.07-01.04.46:299][256]LogModuleManager: Shutting down and abandoning module Core (46)
[2014.09.07-01.04.46:299][256]LogModuleManager: Shutting down and abandoning module KismetCompiler (45)
[2014.09.07-01.04.46:299][256]LogModuleManager: Shutting down and abandoning module PhysXFormats (44)
[2014.09.07-01.04.46:299][256]LogModuleManager: Shutting down and abandoning module MeshUtilities (43)
[2014.09.07-01.04.46:299][256]LogModuleManager: Shutting down and abandoning module DerivedDataCache (42)
[2014.09.07-01.04.46:349][256]LogDerivedDataCache: Shutdown
[2014.09.07-01.04.46:349][256]LogModuleManager: Shutting down and abandoning module ShaderFormatOpenGL (41)
[2014.09.07-01.04.46:349][256]LogModuleManager: Shutting down and abandoning module ShaderFormatD3D (40)
[2014.09.07-01.04.46:349][256]LogModuleManager: Shutting down and abandoning module MetalShaderFormat (39)
[2014.09.07-01.04.46:349][256]LogModuleManager: Shutting down and abandoning module TextureFormatUncompressed (38)
[2014.09.07-01.04.46:349][256]LogModuleManager: Shutting down and abandoning module TextureFormatPVR (37)
[2014.09.07-01.04.46:349][256]LogModuleManager: Shutting down and abandoning module TextureFormatDXT (36)
[2014.09.07-01.04.46:349][256]LogModuleManager: Shutting down and abandoning module TextureFormatAndroid (35)
[2014.09.07-01.04.46:349][256]LogModuleManager: Shutting down and abandoning module AudioFormatOpus (34)
[2014.09.07-01.04.46:349][256]LogModuleManager: Shutting down and abandoning module AudioFormatOgg (33)
[2014.09.07-01.04.46:349][256]LogModuleManager: Shutting down and abandoning module AudioFormatADPCM (32)
[2014.09.07-01.04.46:349][256]LogModuleManager: Shutting down and abandoning module Messaging (31)
[2014.09.07-01.04.46:349][256]LogModuleManager: Shutting down and abandoning module IOSTargetPlatform (30)
[2014.09.07-01.04.46:349][256]LogModuleManager: Shutting down and abandoning module Android_PVRTCTargetPlatform (29)
[2014.09.07-01.04.46:349][256]LogModuleManager: Shutting down and abandoning module Android_ETC2TargetPlatform (28)
[2014.09.07-01.04.46:349][256]LogModuleManager: Shutting down and abandoning module Android_ETC1TargetPlatform (27)
[2014.09.07-01.04.46:349][256]LogModuleManager: Shutting down and abandoning module Android_DXTTargetPlatform (26)
[2014.09.07-01.04.46:349][256]LogModuleManager: Shutting down and abandoning module Android_ATCTargetPlatform (25)
[2014.09.07-01.04.46:349][256]LogModuleManager: Shutting down and abandoning module AndroidTargetPlatform (24)
[2014.09.07-01.04.46:349][256]LogModuleManager: Shutting down and abandoning module WindowsTargetPlatform (23)
[2014.09.07-01.04.46:349][256]LogModuleManager: Shutting down and abandoning module WindowsServerTargetPlatform (22)
[2014.09.07-01.04.46:349][256]LogModuleManager: Shutting down and abandoning module WindowsNoEditorTargetPlatform (21)
[2014.09.07-01.04.46:349][256]LogModuleManager: Shutting down and abandoning module WindowsClientTargetPlatform (20)
[2014.09.07-01.04.46:349][256]LogModuleManager: Shutting down and abandoning module TargetPlatform (19)
[2014.09.07-01.04.46:349][256]LogModuleManager: Shutting down and abandoning module InputCore (18)
[2014.09.07-01.04.46:349][256]LogModuleManager: Shutting down and abandoning module Settings (17)
[2014.09.07-01.04.46:349][256]LogModuleManager: Shutting down and abandoning module ExampleDeviceProfileSelector (14)
[2014.09.07-01.04.46:349][256]LogModuleManager: Shutting down and abandoning module OculusRift (13)
[2014.09.07-01.04.46:349][256]LogModuleManager: Shutting down and abandoning module TextureCompressor (12)
[2014.09.07-01.04.46:349][256]LogModuleManager: Shutting down and abandoning module ShaderCore (11)
[2014.09.07-01.04.46:349][256]LogModuleManager: Shutting down and abandoning module OpenGLDrv (10)
[2014.09.07-01.04.46:349][256]LogModuleManager: Shutting down and abandoning module D3D11RHI (9)
[2014.09.07-01.04.46:349][256]LogModuleManager: Shutting down and abandoning module SlateRHIRenderer (8)
[2014.09.07-01.04.46:349][256]LogModuleManager: Shutting down and abandoning module Renderer (7)
[2014.09.07-01.04.46:349][256]LogModuleManager: Shutting down and abandoning module Engine (6)
[2014.09.07-01.04.46:349][256]LogModuleManager: Shutting down and abandoning module CoreUObject (5)
[2014.09.07-01.04.46:349][256]LogModuleManager: Shutting down and abandoning module NetworkFile (4)
[2014.09.07-01.04.46:349][256]LogModuleManager: Shutting down and abandoning module StreamingFile (3)
[2014.09.07-01.04.46:349][256]LogModuleManager: Shutting down and abandoning module SandboxFile (2)
[2014.09.07-01.04.46:349][256]LogModuleManager: Shutting down and abandoning module PakFile (1)
[2014.09.07-01.04.46:349][256]LogExit: Exiting.
[2014.09.07-01.04.46:351][256]Log file closed, 09/07/14 02:04:46
